2026-03-03 10:54:12,982 [INFO] WebApp:191 - Connection restablished
2026-03-03 10:54:42,339 [INFO] WebApp:194 - Connection lost
2026-03-03 10:54:42,753 [INFO] WebApp:191 - Connection restablished
2026-03-03 11:13:56,889 [INFO] MainUpdater:2872 - connection check result : 10
2026-03-03 11:13:57,082 [INFO] McuFinderGlobals:76 - Set McuFinderConnectedMode to true
2026-03-03 11:13:57,084 [INFO] MultiScanPanel:200 - Auto-refresh data requested => check proxy status ongoing
2026-03-03 11:13:57,084 [INFO] FinderPluginLoader:96 - Searching for filters in installed packs
2026-03-03 11:14:00,380 [INFO] LoadUrlFilesThread:185 - End of LoadServerUrlFiles without Thread
2026-03-03 11:14:00,381 [INFO] DetailPanel:341 - Set advertising image to C:/Users/ASUS/STM32Cube/Repository/\en.prom-stm32cubeaistudio-0226.png
2026-03-03 11:14:05,317 [INFO] MultiScanPanel:200 - Auto-refresh data requested => check proxy status ongoing
2026-03-03 11:14:05,405 [INFO] LoadUrlFilesThread:185 - End of LoadServerUrlFiles without Thread
2026-03-03 11:14:05,406 [INFO] DetailPanel:341 - Set advertising image to C:/Users/ASUS/STM32Cube/Repository/\en.prom-stm32cubeaistudio-0226.png
2026-03-03 11:14:48,690 [INFO] MainUpdater:2872 - connection check result : 10
2026-03-03 11:14:48,691 [INFO] MainUpdater:2872 - connection check result : 10
2026-03-03 11:14:48,796 [INFO] MicroXplorer:468 - Change Database Path : 
2026-03-03 11:14:48,796 [INFO] MicroXplorer:498 - Change Database Version : DB.6.0.150
2026-03-03 11:14:48,835 [ERROR] ProjectManagerView:395 - 
java.lang.NullPointerException: Cannot invoke "javax.swing.JTextField.getText()" because the return value of "java.util.List.get(int)" is null
	at com.st.microxplorer.plugins.projectmanager.gui.ProjectChoiceTab$9.caretUpdate(ProjectChoiceTab.java:2706) ~[filemanager.jar:?]
	at javax.swing.text.JTextComponent.fireCaretUpdate(JTextComponent.java:408) ~[?:?]
	at javax.swing.text.JTextComponent$MutableCaretEvent.fire(JTextComponent.java:4484) ~[?:?]
	at javax.swing.text.JTextComponent$MutableCaretEvent.stateChanged(JTextComponent.java:4506) ~[?:?]
	at javax.swing.text.DefaultCaret.fireStateChanged(DefaultCaret.java:857) ~[?:?]
	at javax.swing.text.DefaultCaret.changeCaretPosition(DefaultCaret.java:1343) ~[?:?]
	at javax.swing.text.DefaultCaret.handleSetDot(DefaultCaret.java:1242) ~[?:?]
	at javax.swing.text.DefaultCaret.setDot(DefaultCaret.java:1223) ~[?:?]
	at javax.swing.text.DefaultCaret$Handler.insertUpdate(DefaultCaret.java:1819) ~[?:?]
	at javax.swing.text.AbstractDocument.fireInsertUpdate(AbstractDocument.java:227) ~[?:?]
	at javax.swing.text.AbstractDocument.handleInsertString(AbstractDocument.java:781) ~[?:?]
	at javax.swing.text.AbstractDocument.insertString(AbstractDocument.java:740) ~[?:?]
	at javax.swing.text.PlainDocument.insertString(PlainDocument.java:131) ~[?:?]
	at javax.swing.text.AbstractDocument.replace(AbstractDocument.java:699) ~[?:?]
	at javax.swing.text.JTextComponent.setText(JTextComponent.java:1725) ~[?:?]
	at com.st.microxplorer.plugins.projectmanager.gui.ProjectChoiceTab.createHeapStackFields(ProjectChoiceTab.java:993) ~[filemanager.jar:?]
	at com.st.microxplorer.plugins.projectmanager.gui.ProjectChoiceTab.buildLinkSettingsPanel(ProjectChoiceTab.java:3813) ~[filemanager.jar:?]
	at com.st.microxplorer.plugins.projectmanager.gui.ProjectChoiceTab.defineWindowsFields(ProjectChoiceTab.java:1987) ~[filemanager.jar:?]
	at com.st.microxplorer.plugins.projectmanager.gui.ProjectChoiceTab.updateSettings(ProjectChoiceTab.java:558) ~[filemanager.jar:?]
	at com.st.microxplorer.plugins.projectmanager.gui.ProjectSettingsPanel.UpdateDialog(ProjectSettingsPanel.java:247) ~[filemanager.jar:?]
	at com.st.microxplorer.plugins.projectmanager.ProjectManagerView.propertyChange(ProjectManagerView.java:392) ~[filemanager.jar:?]
	at java.beans.PropertyChangeSupport.fire(PropertyChangeSupport.java:343) ~[?:?]
	at java.beans.PropertyChangeSupport.firePropertyChange(PropertyChangeSupport.java:335) ~[?:?]
	at java.beans.PropertyChangeSupport.firePropertyChange(PropertyChangeSupport.java:268) ~[?:?]
	at com.st.microxplorer.util.MXPropertyChangeSupport.firePropertyChange(MXPropertyChangeSupport.java:54) ~[STM32CubeMX.jar:?]
	at com.st.microxplorer.mxsystem.MxSystem.closeConfig(MxSystem.java:899) ~[STM32CubeMX.jar:?]
	at com.st.microxplorer.maingui.MainPanel.closeConfig(MainPanel.java:792) ~[STM32CubeMX.jar:?]
	at com.st.microxplorer.plugins.filemanager.engine.OpenFileManager.loadConfigurationFile(OpenFileManager.java:288) ~[filemanager.jar:?]
	at com.st.microxplorer.plugins.filemanager.engine.MainFileManager.userLoadConfig(MainFileManager.java:364) ~[filemanager.jar:?]
	at com.st.microxplorer.plugins.filemanager.FileManagerView.getSpecificTask(FileManagerView.java:268) ~[filemanager.jar:?]
	at com.st.stm32cube.common.mx.editor.CubeMxEditor.getMxTabbedPaneInstance(CubeMxEditor.java:1191) ~[com.st.stm32cube.common.mx_6.15.0.202507011659/:?]
	at com.st.stm32cube.common.mx.editor.CubeMxEditor$12$1.createSwingComponent(CubeMxEditor.java:1068) ~[com.st.stm32cube.common.mx_6.15.0.202507011659/:?]
	at com.st.stm32cube.common.mx.oss.core.awtswtbridge.EmbeddedSwingComposite.doComponentCreation(EmbeddedSwingComposite.java:492) ~[com.st.stm32cube.common.mx.oss_6.15.0.202507011659/:?]
	at com.st.stm32cube.common.mx.oss.core.awtswtbridge.EmbeddedSwingComposite$4.run(EmbeddedSwingComposite.java:291) ~[com.st.stm32cube.common.mx.oss_6.15.0.202507011659/:?]
	at com.st.stm32cube.common.mx.oss.core.awtswtbridge.AwtEnvironment$2.run(AwtEnvironment.java:166) ~[com.st.stm32cube.common.mx.oss_6.15.0.202507011659/:?]
	at java.awt.event.InvocationEvent.dispatch(InvocationEvent.java:318) ~[?:?]
	at java.awt.EventQueue.dispatchEventImpl(EventQueue.java:773) ~[?:?]
	at java.awt.EventQueue$4.run(EventQueue.java:720) ~[?:?]
	at java.awt.EventQueue$4.run(EventQueue.java:714) ~[?:?]
	at java.security.AccessController.doPrivileged(AccessController.java:400) ~[?:?]
	at java.security.ProtectionDomain$JavaSecurityAccessImpl.doIntersectionPrivilege(ProtectionDomain.java:87) ~[?:?]
	at java.awt.EventQueue.dispatchEvent(EventQueue.java:742) ~[?:?]
	at java.awt.EventDispatchThread.pumpOneEventForFilters(EventDispatchThread.java:203) ~[?:?]
	at java.awt.EventDispatchThread.pumpEventsForFilter(EventDispatchThread.java:124) ~[?:?]
	at java.awt.EventDispatchThread.pumpEventsForHierarchy(EventDispatchThread.java:113) ~[?:?]
	at java.awt.EventDispatchThread.pumpEvents(EventDispatchThread.java:109) ~[?:?]
	at java.awt.EventDispatchThread.pumpEvents(EventDispatchThread.java:101) ~[?:?]
	at java.awt.EventDispatchThread.run(EventDispatchThread.java:90) ~[?:?]
2026-03-03 11:14:48,853 [WARN] ThirdParty:871 - waiting for thirdparty lock release [close project]
2026-03-03 11:14:48,853 [INFO] ThirdParty:873 - entering critical section [close project]
2026-03-03 11:14:48,853 [INFO] ThirdParty:883 - exiting critical section [close project]
2026-03-03 11:14:48,855 [INFO] PinOutPanel:1589 - setPackage(No Configuration,No Configuration)
2026-03-03 11:14:48,891 [WARN] IpParametersView:155 - Warning: This peripheral hasn't parameters
2026-03-03 11:14:48,922 [WARN] MainPanel:289 - <html><b><center>Warning: This peripheral has no parameters to be configured<br></b></html>
2026-03-03 11:14:48,928 [INFO] UtilMem:75 - Begin LoadConfig() Used Memory: 809643824 Bytes (1073741824)
2026-03-03 11:14:48,936 [INFO] MicroXplorer:468 - Change Database Path : 
2026-03-03 11:14:48,936 [INFO] MicroXplorer:498 - Change Database Version : DB.6.0.150
2026-03-03 11:14:48,936 [INFO] OpenFileManager:355 - Change cursor
2026-03-03 11:14:48,986 [INFO] RulesReader:64 - Compatibility file has been processed (317 Rules)
2026-03-03 11:14:48,995 [INFO] Mcu:2029 - Initializing MCU STM32F401R(D-E)Tx STM32F401RETx STM32F401RET6
2026-03-03 11:14:50,559 [INFO] Context:786 - Trying to add GPIOservice into a context  which must be forbidden
2026-03-03 11:14:51,181 [INFO] Rule:233 - rule Adapt Old IOC before rework replace old CORTEX_M33/CORTEX_M55 attributes by the new one. is applicable
2026-03-03 11:14:51,182 [INFO] Rule:233 - rule Rename parametre of RCC RCC_APBDBG_DIV2 to RCC_TIMPRES_DIV2 is applicable
2026-03-03 11:14:51,182 [INFO] Rule:233 - rule Rename DIE493 pin PA10 [PA12] -> PA10 is applicable
2026-03-03 11:14:51,182 [INFO] Rule:233 - rule Rename DIE493 pin PA9 [PA11] -> PA9 is applicable
2026-03-03 11:14:51,182 [INFO] Rule:233 - rule Rename DIE492 PartNumber CPN STM32WBA5MJGHx -> STM32WBA5MMGHx is applicable
2026-03-03 11:14:51,182 [INFO] Rule:233 - rule Rename DIE492 PartNumber  Name STM32WBA5MJGHx -> STM32WBA5MMGHx is applicable
2026-03-03 11:14:51,183 [INFO] Rule:233 - rule Rename DIE492 PartNumber UserName STM32WBA5MJGHx -> STM32WBA5MMGHx is applicable
2026-03-03 11:14:51,183 [INFO] Rule:233 - rule Rename DIE492 PartNumber DeviceId STM32WBA5MJGHx -> STM32WBA5MMGHx is applicable
2026-03-03 11:14:51,183 [INFO] Rule:233 - rule Adapt Old IOC CSI. is applicable
2026-03-03 11:14:51,183 [INFO] Rule:233 - rule Adapt Old IOC DCMIPP. is applicable
2026-03-03 11:14:51,183 [INFO] Rule:233 - rule Adapt Old IOC DCMIPP Mode Parallel. is applicable
2026-03-03 11:14:51,183 [INFO] Rule:233 - rule Adapt Old IOC LTDC. is applicable
2026-03-03 11:14:51,183 [INFO] Rule:233 - rule Rename STM32MP2 RIF Peripheral LTDC RIF.RISUP.LTDC_L0L1.Privilege -> RIF.RISUP.LTDC_L1L2.Privilege is applicable
2026-03-03 11:14:51,183 [INFO] Rule:233 - rule Rename STM32MP2 RIF Peripheral LTDC RIF.RISUP.LTDC_L0L1.Privilege -> RIF.RISUP.LTDC_L1L2.Privilege is applicable
2026-03-03 11:14:51,183 [INFO] Rule:233 - rule Rename STM32MP2 RIF Peripheral LTDC RIF.RISUP.LTDC_L0L1.Lock -> RIF.RISUP.LTDC_L1L2.Lock is applicable
2026-03-03 11:14:51,183 [INFO] Rule:233 - rule Rename STM32MP2 RIF Peripheral LTDC RIF.RISUP.LTDC_L2.Lock -> RIF.RISUP.LTDC_L3.Lock is applicable
2026-03-03 11:14:51,185 [INFO] Rule:233 - rule Adapt the old IOC example for updating the SYS when it is misconfigured. is applicable
2026-03-03 11:14:51,185 [INFO] Rule:233 - rule Rename STM32C09 Mcu.Package LQFP64 -> LQFP48 is applicable
2026-03-03 11:14:51,185 [INFO] Rule:233 - rule Adapt the old IOC example for updating the SYS when it is misconfigured. is applicable
2026-03-03 11:14:51,185 [INFO] Rule:233 - rule Adapt the old IOC example for updating the SYS when it is misconfigured. is applicable
2026-03-03 11:14:51,187 [INFO] DbConfProperties:307 - Apply Compatibility (4/20 Rules)
2026-03-03 11:14:51,240 [INFO] ImportTextPane:234 - (OptionalMessage_ERROR) Pin12 (VP_RIF_VS_RIF1) cannot be retrieved for this MCU
2026-03-03 11:14:51,595 [INFO] RtosManager:558 - Registered RTOS mode: class=CMSIS, group=RTOS, mode=CMSIS_V1, owner=FREERTOS
2026-03-03 11:14:51,596 [INFO] RtosManager:558 - Registered RTOS mode: class=CMSIS, group=RTOS2, mode=CMSIS_V2, owner=FREERTOS
2026-03-03 11:14:51,596 [INFO] RtosManager:558 - Registered RTOS mode: class=RTOS, group=Core, mode=CMSIS_V1, owner=FREERTOS
2026-03-03 11:14:51,596 [INFO] RtosManager:558 - Registered RTOS mode: class=RTOS, group=Core, mode=CMSIS_V2, owner=FREERTOS
2026-03-03 11:14:51,596 [WARN] ModelIntegratedComponent:184 - Missing modes for component STMicroelectronics:FreeRTOS:0.0.1:STMicroelectronics:RTOS:FreeRTOS:Core:::10.2.0:
2026-03-03 11:14:51,613 [WARN] ModelIntegratedComponent:63 - No mode defined for component null
2026-03-03 11:14:51,613 [WARN] ModelIntegratedComponent:63 - No mode defined for component null
2026-03-03 11:14:51,613 [WARN] ModelIntegratedComponent:63 - No mode defined for component null
2026-03-03 11:14:51,613 [WARN] ModelIntegratedComponent:63 - No mode defined for component null
2026-03-03 11:14:51,614 [WARN] ModelIntegratedComponent:63 - No mode defined for component null
2026-03-03 11:14:51,614 [WARN] ModelIntegratedComponent:63 - No mode defined for component null
2026-03-03 11:14:51,614 [WARN] ModelIntegratedComponent:63 - No mode defined for component null
2026-03-03 11:14:51,614 [WARN] ModelIntegratedComponent:63 - No mode defined for component null
2026-03-03 11:14:51,614 [WARN] ModelIntegratedComponent:63 - No mode defined for component null
2026-03-03 11:14:51,614 [WARN] ModelIntegratedComponent:63 - No mode defined for component null
2026-03-03 11:14:51,614 [WARN] ModelIntegratedComponent:63 - No mode defined for component null
2026-03-03 11:14:51,614 [WARN] ModelIntegratedComponent:63 - No mode defined for component null
2026-03-03 11:14:51,614 [WARN] ModelIntegratedComponent:63 - No mode defined for component null
2026-03-03 11:14:51,615 [WARN] ModelIntegratedComponent:63 - No mode defined for component null
2026-03-03 11:14:51,615 [WARN] ModelIntegratedComponent:63 - No mode defined for component null
2026-03-03 11:14:51,615 [WARN] ModelIntegratedComponent:63 - No mode defined for component null
2026-03-03 11:14:51,615 [WARN] ModelIntegratedComponent:63 - No mode defined for component null
2026-03-03 11:14:51,615 [WARN] ModelIntegratedComponent:63 - No mode defined for component null
2026-03-03 11:14:51,615 [WARN] ModelIntegratedComponent:63 - No mode defined for component null
2026-03-03 11:14:51,615 [WARN] ModelIntegratedComponent:63 - No mode defined for component null
2026-03-03 11:14:51,615 [WARN] ModelIntegratedComponent:63 - No mode defined for component null
2026-03-03 11:14:51,616 [WARN] ModelIntegratedComponent:63 - No mode defined for component null
2026-03-03 11:14:51,616 [WARN] ModelIntegratedComponent:63 - No mode defined for component null
2026-03-03 11:14:51,616 [WARN] ModelIntegratedComponent:63 - No mode defined for component null
2026-03-03 11:14:51,616 [WARN] ModelIntegratedComponent:63 - No mode defined for component null
2026-03-03 11:14:51,616 [WARN] ModelIntegratedComponent:63 - No mode defined for component null
2026-03-03 11:14:51,616 [WARN] ModelIntegratedComponent:63 - No mode defined for component null
2026-03-03 11:14:51,616 [WARN] ModelIntegratedComponent:63 - No mode defined for component null
2026-03-03 11:14:51,617 [WARN] ModelIntegratedComponent:63 - No mode defined for component null
2026-03-03 11:14:51,617 [WARN] ModelIntegratedComponent:63 - No mode defined for component null
2026-03-03 11:14:51,617 [WARN] ModelIntegratedComponent:63 - No mode defined for component null
2026-03-03 11:14:51,617 [WARN] ModelIntegratedComponent:63 - No mode defined for component null
2026-03-03 11:14:51,617 [WARN] ModelIntegratedComponent:63 - No mode defined for component null
2026-03-03 11:14:51,617 [WARN] ModelIntegratedComponent:63 - No mode defined for component null
2026-03-03 11:14:51,617 [WARN] ModelIntegratedComponent:63 - No mode defined for component null
2026-03-03 11:14:51,617 [WARN] ModelPack:524 - Component already loaded: STMicroelectronics:HAL Drivers:0.0.0:STMicroelectronics:Device:STMicro_Driver:XSPI:HAL::0.0.1:HAL_XSPI
2026-03-03 11:14:51,658 [INFO] ThirdPartyModel:298 - Start build external matchings
2026-03-03 11:14:52,462 [INFO] ThirdPartyModel:316 - End build external matchings
2026-03-03 11:14:52,484 [INFO] ImportTextPane:234 - (OptionalMessage_ERROR) IP (RCC) : Parameter (RTCHSEDivFreq_Value) has invalid value (4000000)
2026-03-03 11:14:52,803 [INFO] UtilMem:75 - End LoadConfig() Used Memory: 913530864 Bytes (1073741824)
2026-03-03 11:14:52,842 [WARN] ThirdParty:833 - waiting for thirdparty lock release [change project]
2026-03-03 11:14:52,844 [INFO] ThirdParty:835 - entering critical section [change project]
2026-03-03 11:14:52,844 [INFO] ThirdParty:1030 - CMSIS Pack Vendor :STMicroelectronics X-CUBE-PM33A1 1.0.0
2026-03-03 11:14:52,844 [INFO] ThirdParty:1030 - CMSIS Pack Vendor :STMicroelectronics USBPD 4.1
2026-03-03 11:14:52,844 [INFO] ThirdParty:1030 - CMSIS Pack Vendor :STMicroelectronics X-CUBE-NFC9 1.0.0
2026-03-03 11:14:52,844 [INFO] ThirdParty:1030 - CMSIS Pack Vendor :STMicroelectronics USB_HOST 2.0.0
2026-03-03 11:14:52,844 [INFO] ThirdParty:1030 - CMSIS Pack Vendor :STMicroelectronics X-CUBE-AZRTOS-F4 1.1.0
2026-03-03 11:14:52,844 [INFO] ThirdParty:1030 - CMSIS Pack Vendor :STMicroelectronics LIBJPEG 8.0.0
2026-03-03 11:14:52,844 [INFO] ThirdParty:1030 - CMSIS Pack Vendor :STMicroelectronics FP-ATR-ASTRA1 2.0.2
2026-03-03 11:14:52,844 [INFO] ThirdParty:1030 - CMSIS Pack Vendor :STMicroelectronics X-CUBE-BLE1 7.1.0
2026-03-03 11:14:52,844 [INFO] ThirdParty:1030 - CMSIS Pack Vendor :STMicroelectronics X-CUBE-SMBUS 2.1.0
2026-03-03 11:14:52,844 [INFO] ThirdParty:1030 - CMSIS Pack Vendor :wolfSSL I-CUBE-wolfMQTT 1.19.2
2026-03-03 11:14:52,845 [INFO] ThirdParty:1030 - CMSIS Pack Vendor :STMicroelectronics USB_DEVICE 3.0.0
2026-03-03 11:14:52,845 [INFO] ThirdParty:1030 - CMSIS Pack Vendor :STMicroelectronics X-CUBE-ISPU 2.1.0
2026-03-03 11:14:52,845 [INFO] ThirdParty:1030 - CMSIS Pack Vendor :STMicroelectronics X-CUBE-FREERTOS 1.4.0
2026-03-03 11:14:52,845 [INFO] ThirdParty:1030 - CMSIS Pack Vendor :STMicroelectronics X-CUBE-EEPRMA1 5.2.0
2026-03-03 11:14:52,845 [INFO] ThirdParty:1030 - CMSIS Pack Vendor :STMicroelectronics X-CUBE-IPS 3.2.0
2026-03-03 11:14:52,845 [INFO] ThirdParty:1030 - CMSIS Pack Vendor :STMicroelectronics X-CUBE-BLEMGR 4.1.0
2026-03-03 11:14:52,845 [INFO] ThirdParty:1030 - CMSIS Pack Vendor :STMicroelectronics X-CUBE-AZRTOS-WB 2.0.0
2026-03-03 11:14:52,845 [INFO] ThirdParty:1030 - CMSIS Pack Vendor :wolfSSL I-CUBE-wolfSSL 5.8.4
2026-03-03 11:14:52,845 [INFO] ThirdParty:1030 - CMSIS Pack Vendor :Cesanta I-CUBE-Mongoose 7.20.0
2026-03-03 11:14:52,845 [INFO] ThirdParty:1030 - CMSIS Pack Vendor :STMicroelectronics X-CUBE-NFC12 1.0.0
2026-03-03 11:14:52,845 [INFO] ThirdParty:1030 - CMSIS Pack Vendor :STMicroelectronics X-CUBE-AZRTOS-F7 1.1.0
2026-03-03 11:14:52,845 [INFO] ThirdParty:1030 - CMSIS Pack Vendor :STMicroelectronics X-CUBE-AZRTOS-L5 2.0.0
2026-03-03 11:14:52,845 [INFO] ThirdParty:1030 - CMSIS Pack Vendor :STMicroelectronics USB_DEVICE 2.0.0
2026-03-03 11:14:52,846 [INFO] ThirdParty:1030 - CMSIS Pack Vendor :quantropi X-CUBE-qispace-sdk-base 2.1.0
2026-03-03 11:14:52,846 [INFO] ThirdParty:1030 - CMSIS Pack Vendor :STMicroelectronics X-CUBE-MEMS1 12.0.0
2026-03-03 11:14:52,846 [INFO] ThirdParty:1030 - CMSIS Pack Vendor :STMicroelectronics X-CUBE-STSE01 2.0.0
2026-03-03 11:14:52,846 [INFO] ThirdParty:1030 - CMSIS Pack Vendor :STMicroelectronics FP-SNS-MOTENV1 5.1.0
2026-03-03 11:14:52,846 [INFO] ThirdParty:1030 - CMSIS Pack Vendor :STMicroelectronics FreeRTOS 0.0.1
2026-03-03 11:14:52,846 [INFO] ThirdParty:1030 - CMSIS Pack Vendor :STMicroelectronics X-CUBE-AZRTOS-G0 1.1.0
2026-03-03 11:14:52,846 [INFO] ThirdParty:1030 - CMSIS Pack Vendor :STMicroelectronics X-CUBE-NFC4 3.0.0
2026-03-03 11:14:52,846 [INFO] ThirdParty:1030 - CMSIS Pack Vendor :STMicroelectronics X-CUBE-SUBG2 5.0.0
2026-03-03 11:14:52,846 [INFO] ThirdParty:1030 - CMSIS Pack Vendor :STMicroelectronics STM32_WPAN 1.0.0
2026-03-03 11:14:52,846 [INFO] ThirdParty:1030 - CMSIS Pack Vendor :EmbeddedOffice I-CUBE-FS-RTOS 1.0.1
2026-03-03 11:14:52,846 [INFO] ThirdParty:1030 - CMSIS Pack Vendor :STMicroelectronics lwIP 2.0.3
2026-03-03 11:14:52,846 [INFO] ThirdParty:1030 - CMSIS Pack Vendor :WES I-CUBE-Cesium 1.4.0
2026-03-03 11:14:52,846 [INFO] ThirdParty:1030 - CMSIS Pack Vendor :STMicroelectronics USB_HOST 1.0.0
2026-03-03 11:14:52,846 [INFO] ThirdParty:1030 - CMSIS Pack Vendor :STMicroelectronics X-CUBE-AZRTOS-G4 2.0.0
2026-03-03 11:14:52,847 [INFO] ThirdParty:1030 - CMSIS Pack Vendor :STMicroelectronics X-CUBE-WB05N 2.0.0
2026-03-03 11:14:52,847 [INFO] ThirdParty:1030 - CMSIS Pack Vendor :STMicroelectronics PDM2PCM 3.1.0
2026-03-03 11:14:52,847 [INFO] ThirdParty:1030 - CMSIS Pack Vendor :STMicroelectronics PDM2PCM 3.3.0
2026-03-03 11:14:52,847 [INFO] ThirdParty:1030 - CMSIS Pack Vendor :wolfSSL I-CUBE-wolfTPM 3.8.0
2026-03-03 11:14:52,847 [INFO] ThirdParty:1030 - CMSIS Pack Vendor :STMicroelectronics X-CUBE-AZRTOS-H7 3.4.0
2026-03-03 11:14:52,847 [INFO] ThirdParty:1030 - CMSIS Pack Vendor :STMicroelectronics X-CUBE-DISPLAY 3.0.0
2026-03-03 11:14:52,847 [INFO] ThirdParty:1030 - CMSIS Pack Vendor :wolfSSL I-CUBE-wolfSSH 1.4.20
2026-03-03 11:14:52,847 [INFO] ThirdParty:1030 - CMSIS Pack Vendor :STMicroelectronics X-CUBE-NFC7 2.0.0
2026-03-03 11:14:52,847 [INFO] ThirdParty:1030 - CMSIS Pack Vendor :STMicroelectronics FP-SNS-MOTENVWB1 1.5.0
2026-03-03 11:14:52,847 [INFO] ThirdParty:1030 - CMSIS Pack Vendor :STMicroelectronics X-CUBE-TCPP 4.2.0
2026-03-03 11:14:52,847 [INFO] ThirdParty:1030 - CMSIS Pack Vendor :RealThread X-CUBE-RT-Thread_Nano 4.1.1
2026-03-03 11:14:52,847 [INFO] ThirdParty:1030 - CMSIS Pack Vendor :STMicroelectronics FP-ATR-SIGFOX1 3.2.0
2026-03-03 11:14:52,847 [INFO] ThirdParty:1030 - CMSIS Pack Vendor :STMicroelectronics X-CUBE-NFC10 1.0.0
2026-03-03 11:14:52,848 [INFO] ThirdParty:1030 - CMSIS Pack Vendor :STMicroelectronics HAL Drivers 0.0.0
2026-03-03 11:14:52,848 [INFO] ThirdParty:1030 - CMSIS Pack Vendor :STMicroelectronics MBEDTLS 2.16.2
2026-03-03 11:14:52,848 [INFO] ThirdParty:1030 - CMSIS Pack Vendor :STMicroelectronics X-CUBE-ST60 1.1.0
2026-03-03 11:14:52,848 [INFO] ThirdParty:1030 - CMSIS Pack Vendor :STMicroelectronics X-CUBE-ALS 1.0.2
2026-03-03 11:14:52,848 [INFO] ThirdParty:1030 - CMSIS Pack Vendor :emotas I-CUBE-CANOPEN 1.3.0
2026-03-03 11:14:52,848 [INFO] ThirdParty:1030 - CMSIS Pack Vendor :STMicroelectronics MBEDTLS 2.14.1
2026-03-03 11:14:52,848 [INFO] ThirdParty:1030 - CMSIS Pack Vendor :STMicroelectronics X-CUBE-GNSS1 7.1.0
2026-03-03 11:14:52,848 [INFO] ThirdParty:1030 - CMSIS Pack Vendor :ITTIA_DB I-CUBE-ITTIADB 8.9.0
2026-03-03 11:14:52,850 [INFO] ThirdParty:1030 - CMSIS Pack Vendor :STMicroelectronics X-CUBE-TOUCHGFX 4.26.0
2026-03-03 11:14:52,850 [INFO] ThirdParty:1030 - CMSIS Pack Vendor :STMicroelectronics X-CUBE-NFC6 3.2.0
2026-03-03 11:14:52,850 [INFO] ThirdParty:1030 - CMSIS Pack Vendor :STMicroelectronics FP-SNS-STBOX1 2.1.0
2026-03-03 11:14:52,850 [INFO] ThirdParty:1030 - CMSIS Pack Vendor :STMicroelectronics X-CUBE-AI 10.2.0
2026-03-03 11:14:52,850 [INFO] ThirdParty:1030 - CMSIS Pack Vendor :STMicroelectronics FP-SNS-STAIOTCFT 1.0.0
2026-03-03 11:14:52,850 [INFO] ThirdParty:1030 - CMSIS Pack Vendor :STMicroelectronics ThreadX 1.0.0
2026-03-03 11:14:52,850 [INFO] ThirdParty:1030 - CMSIS Pack Vendor :STMicroelectronics FP-SNS-SMARTAG2 1.2.0
2026-03-03 11:14:52,850 [INFO] ThirdParty:1030 - CMSIS Pack Vendor :STMicroelectronics FP-SNS-FLIGHT1 5.1.0
2026-03-03 11:14:52,851 [INFO] ThirdParty:1030 - CMSIS Pack Vendor :STMicroelectronics X-CUBE-AZRTOS-WL 2.0.0
2026-03-03 11:14:52,851 [INFO] ThirdParty:1030 - CMSIS Pack Vendor :SEGGER I-CUBE-embOS 1.3.1
2026-03-03 11:14:52,851 [INFO] ThirdParty:1030 - CMSIS Pack Vendor :STMicroelectronics X-CUBE-ALGOBUILD 1.4.0
2026-03-03 11:14:52,851 [INFO] ThirdParty:1030 - CMSIS Pack Vendor :STMicroelectronics X-CUBE-DPower 1.3.0
2026-03-03 11:14:52,851 [INFO] ThirdParty:1030 - CMSIS Pack Vendor :STMicroelectronics USB_DEVICE 1.0.0
2026-03-03 11:14:52,851 [INFO] ThirdParty:1030 - CMSIS Pack Vendor :STMicroelectronics X-CUBE-AZRTOS-H7RS 1.2.0
2026-03-03 11:14:52,851 [INFO] ThirdParty:1030 - CMSIS Pack Vendor :STMicroelectronics X-CUBE-AZRTOS-L4 2.0.0
2026-03-03 11:14:52,852 [INFO] ThirdParty:1030 - CMSIS Pack Vendor :STMicroelectronics ThreadX 0.0.2
2026-03-03 11:14:52,852 [INFO] ThirdParty:1030 - CMSIS Pack Vendor :STMicroelectronics lwIP 2.1.2
2026-03-03 11:14:52,852 [INFO] ThirdParty:1030 - CMSIS Pack Vendor :STMicroelectronics X-CUBE-SFXS2LP1 4.0.0
2026-03-03 11:14:52,852 [INFO] ThirdParty:1030 - CMSIS Pack Vendor :STMicroelectronics X-CUBE-BLE2 3.3.0
2026-03-03 11:14:52,852 [INFO] ThirdParty:1030 - CMSIS Pack Vendor :Avnet-IOTCONNECT X-CUBE-iotc-st67-sdk 1.0.0
2026-03-03 11:14:52,852 [INFO] ThirdParty:1030 - CMSIS Pack Vendor :STMicroelectronics X-CUBE-TOF1 3.4.3
2026-03-03 11:14:52,852 [INFO] ThirdParty:1030 - CMSIS Pack Vendor :Infineon AIROC-Wi-Fi-Bluetooth-STM32 1.8.0
2026-03-03 11:14:52,852 [INFO] ThirdParty:1030 - CMSIS Pack Vendor :STMicroelectronics PDM2PCM 3.2.0
2026-03-03 11:14:52,852 [INFO] ThirdParty:1030 - CMSIS Pack Vendor :STMicroelectronics X-CUBE-ST67W61 1.2.0
2026-03-03 11:14:52,852 [INFO] ThirdParty:841 - exiting critical section [change project]
2026-03-03 11:14:53,164 [INFO] PinOutPanel:1589 - setPackage(No Configuration,No Configuration)
2026-03-03 11:14:53,168 [INFO] PinOutPanel:1589 - setPackage(STM32F401RETx,LQFP64)
2026-03-03 11:14:53,894 [INFO] UtilMem:75 - Before build in PCC Used Memory: 780495848 Bytes (1073741824)
2026-03-03 11:14:54,487 [INFO] UtilMem:75 - After build in PCC Used Memory: 826110952 Bytes (1073741824)
2026-03-03 11:14:54,518 [INFO] IPUIPlugin:80 - create IPUIPlugin
2026-03-03 11:14:54,519 [INFO] IPUIPlugin:80 - create IPUIPlugin
2026-03-03 11:14:54,519 [INFO] IPUIPlugin:80 - create IPUIPlugin
2026-03-03 11:14:54,519 [INFO] IPUIPlugin:80 - create IPUIPlugin
2026-03-03 11:14:54,519 [INFO] IPUIPlugin:80 - create IPUIPlugin
2026-03-03 11:14:54,521 [INFO] IPUIPlugin:80 - create IPUIPlugin
2026-03-03 11:14:54,521 [INFO] IPUIPlugin:80 - create IPUIPlugin
2026-03-03 11:14:54,521 [INFO] IPUIPlugin:80 - create IPUIPlugin
2026-03-03 11:14:54,521 [INFO] IPUIPlugin:80 - create IPUIPlugin
2026-03-03 11:14:54,522 [INFO] IPUIPlugin:80 - create IPUIPlugin
2026-03-03 11:14:54,522 [INFO] IPUIPlugin:80 - create IPUIPlugin
2026-03-03 11:14:54,522 [INFO] IPUIPlugin:80 - create IPUIPlugin
2026-03-03 11:14:54,523 [INFO] IPUIPlugin:80 - create IPUIPlugin
2026-03-03 11:14:54,523 [INFO] IPUIPlugin:80 - create IPUIPlugin
2026-03-03 11:14:54,523 [INFO] IPUIPlugin:80 - create IPUIPlugin
2026-03-03 11:14:54,523 [INFO] IPUIPlugin:80 - create IPUIPlugin
2026-03-03 11:14:54,523 [INFO] IPUIPlugin:80 - create IPUIPlugin
2026-03-03 11:14:54,523 [INFO] IPUIPlugin:80 - create IPUIPlugin
2026-03-03 11:14:54,524 [INFO] IPUIPlugin:80 - create IPUIPlugin
2026-03-03 11:14:54,524 [INFO] IPUIPlugin:80 - create IPUIPlugin
2026-03-03 11:14:54,524 [INFO] IPUIPlugin:80 - create IPUIPlugin
2026-03-03 11:14:54,525 [INFO] IPUIPlugin:80 - create IPUIPlugin
2026-03-03 11:14:54,525 [INFO] IPUIPlugin:80 - create IPUIPlugin
2026-03-03 11:14:54,525 [INFO] IPUIPlugin:80 - create IPUIPlugin
2026-03-03 11:14:54,525 [INFO] IPUIPlugin:80 - create IPUIPlugin
2026-03-03 11:14:54,526 [INFO] IPUIPlugin:80 - create IPUIPlugin
2026-03-03 11:14:54,526 [INFO] IPUIPlugin:80 - create IPUIPlugin
2026-03-03 11:14:54,526 [INFO] IPUIPlugin:80 - create IPUIPlugin
2026-03-03 11:14:54,526 [INFO] IPUIPlugin:80 - create IPUIPlugin
2026-03-03 11:14:54,528 [INFO] IPUIPlugin:80 - create IPUIPlugin
2026-03-03 11:14:54,528 [INFO] IPUIPlugin:80 - create IPUIPlugin
2026-03-03 11:14:54,528 [INFO] IPUIPlugin:80 - create IPUIPlugin
2026-03-03 11:14:54,528 [INFO] IPUIPlugin:80 - create IPUIPlugin
2026-03-03 11:14:54,529 [INFO] IPUIPlugin:80 - create IPUIPlugin
2026-03-03 11:14:54,529 [INFO] IPUIPlugin:80 - create IPUIPlugin
2026-03-03 11:14:54,529 [INFO] IPUIPlugin:80 - create IPUIPlugin
2026-03-03 11:14:54,529 [INFO] IPUIPlugin:80 - create IPUIPlugin
2026-03-03 11:14:54,530 [INFO] IPUIPlugin:80 - create IPUIPlugin
2026-03-03 11:14:54,536 [INFO] ApiDbMcu:532 - Load IP Config File for PDM2PCM
2026-03-03 11:14:54,605 [INFO] CADModel:165 - CPN selected for project levelSTM32F401RET6
2026-03-03 11:14:54,606 [INFO] CADModel:114 - Register for checkConnection events
2026-03-03 11:14:54,669 [INFO] OpenFileManager:386 - Restore cursor
2026-03-03 11:14:55,411 [INFO] UtilMem:75 - End SaveConfig() Used Memory: 918669704 Bytes (1073741824)
2026-03-03 11:14:55,523 [INFO] UtilMem:75 - End SaveConfig() Used Memory: 934454736 Bytes (1073741824)
2026-03-03 11:14:56,043 [INFO] BlockDiagram:2775 - set Specific Code input for plugin: NVIC
2026-03-03 11:14:56,043 [INFO] BlockDiagram:2775 - set Specific Code input for plugin: USART
2026-03-03 11:14:56,043 [INFO] BlockDiagram:2775 - set Specific Code input for plugin: SYS
2026-03-03 11:14:56,044 [INFO] BlockDiagram:2775 - set Specific Code input for plugin: GPIO
2026-03-03 11:14:56,044 [INFO] BlockDiagram:2775 - set Specific Code input for plugin: RCC
2026-03-03 11:14:56,049 [INFO] CodeGenerator:892 - code generatio: config db path: C:\ST\STM32CubeIDE_1.19.0\STM32CubeIDE\plugins\com.st.stm32cube.common.mx_6.15.0.202507011659\\db\
2026-03-03 11:14:56,275 [INFO] CodeEngine:265 - oldGeneratedFile, C:\Users\ASUS\STM32CubeIDE\workspace_1.19.0\skill2\MXTmpFiles\license.tmp_save
2026-03-03 11:14:56,839 [INFO] CodeEngine:289 - Generated code: C:\Users\ASUS\STM32CubeIDE\workspace_1.19.0\skill2\MXTmpFiles\license.tmp
2026-03-03 11:14:56,928 [INFO] CodeEngine:265 - oldGeneratedFile, C:\Users\ASUS\STM32CubeIDE\workspace_1.19.0\skill2\MXTmpFiles\gpio.tmp_save
2026-03-03 11:14:57,234 [INFO] CodeEngine:289 - Generated code: C:\Users\ASUS\STM32CubeIDE\workspace_1.19.0\skill2\MXTmpFiles\gpio.tmp
2026-03-03 11:14:57,354 [INFO] CodeEngine:265 - oldGeneratedFile, C:\Users\ASUS\STM32CubeIDE\workspace_1.19.0\skill2\Core\Src\stm32f4xx_it.c_save
2026-03-03 11:14:58,038 [INFO] CodeEngine:289 - Generated code: C:\Users\ASUS\STM32CubeIDE\workspace_1.19.0\skill2\Core\Src\stm32f4xx_it.c
2026-03-03 11:14:58,065 [INFO] CodeEngine:265 - oldGeneratedFile, C:\Users\ASUS\STM32CubeIDE\workspace_1.19.0\skill2\Core\Inc\stm32f4xx_it.h_save
2026-03-03 11:14:58,279 [INFO] CodeEngine:289 - Generated code: C:\Users\ASUS\STM32CubeIDE\workspace_1.19.0\skill2\Core\Inc\stm32f4xx_it.h
2026-03-03 11:14:58,330 [INFO] CodeEngine:265 - oldGeneratedFile, C:\Users\ASUS\STM32CubeIDE\workspace_1.19.0\skill2\Core\Src\stm32f4xx_hal_msp.c_save
2026-03-03 11:14:58,626 [INFO] CodeEngine:289 - Generated code: C:\Users\ASUS\STM32CubeIDE\workspace_1.19.0\skill2\Core\Src\stm32f4xx_hal_msp.c
2026-03-03 11:14:58,646 [INFO] CodeEngine:265 - oldGeneratedFile, C:\Users\ASUS\STM32CubeIDE\workspace_1.19.0\skill2\MXTmpFiles\system.tmp_save
2026-03-03 11:14:58,808 [INFO] CodeEngine:289 - Generated code: C:\Users\ASUS\STM32CubeIDE\workspace_1.19.0\skill2\MXTmpFiles\system.tmp
2026-03-03 11:14:58,855 [INFO] CodeEngine:321 - oldGeneratedFile, C:\Users\ASUS\STM32CubeIDE\workspace_1.19.0\skill2\Core\Inc\stm32f4xx_hal_conf.h_save
2026-03-03 11:14:59,070 [INFO] CodeEngine:345 - Generated code: C:\Users\ASUS\STM32CubeIDE\workspace_1.19.0\skill2\Core\Inc\stm32f4xx_hal_conf.h
2026-03-03 11:14:59,141 [INFO] ApiDbMcu:532 - Load IP Config File for USART2
2026-03-03 11:14:59,149 [INFO] ApiDbMcu:532 - Load IP Config File for RCC
2026-03-03 11:14:59,175 [INFO] CodeEngine:265 - oldGeneratedFile, C:\Users\ASUS\STM32CubeIDE\workspace_1.19.0\skill2\Core\Inc\main.h_save
2026-03-03 11:14:59,411 [INFO] CodeEngine:289 - Generated code: C:\Users\ASUS\STM32CubeIDE\workspace_1.19.0\skill2\Core\Inc\main.h
2026-03-03 11:14:59,442 [INFO] CodeEngine:265 - oldGeneratedFile, C:\Users\ASUS\STM32CubeIDE\workspace_1.19.0\skill2\Core\Src\main.c_save
2026-03-03 11:14:59,705 [INFO] CodeEngine:289 - Generated code: C:\Users\ASUS\STM32CubeIDE\workspace_1.19.0\skill2\Core\Src\main.c
2026-03-03 11:15:00,804 [INFO] ProjectBuilder:3606 - Time for Copy HAL[1] : 617mS.
2026-03-03 11:15:00,818 [INFO] ProjectBuilder:5216 - Project Generator version: 4.7.0-B52
2026-03-03 11:15:01,002 [INFO] ConfigFileManager:1595 - The Die is : DIE433
2026-03-03 11:15:01,018 [INFO] ApiDbMcu:532 - Load IP Config File for FATFS
2026-03-03 11:15:01,029 [INFO] ApiDbMcu:532 - Load IP Config File for FREERTOS
2026-03-03 11:15:01,034 [INFO] ApiDbMcu:532 - Load IP Config File for LIBJPEG
2026-03-03 11:15:01,046 [INFO] ApiDbMcu:532 - Load IP Config File for MBEDTLS
2026-03-03 11:15:01,059 [INFO] ApiDbMcu:532 - Load IP Config File for USB_DEVICE
2026-03-03 11:15:01,068 [INFO] ApiDbMcu:532 - Load IP Config File for USB_HOST
2026-03-03 11:15:05,863 [INFO] ProjectBuilder:5496 - Time for Generating toolchain IDE Files: 5044mS.
2026-03-03 11:15:05,867 [INFO] ProjectBuilder:3463 - Time for Copy CMSIS : 4mS.
2026-03-03 11:15:05,876 [INFO] ProjectBuilder:3463 - Time for Copy CMSIS : 0mS.
2026-03-03 11:15:07,592 [INFO] McuFinderGlobals:76 - Set McuFinderConnectedMode to true
2026-03-03 11:15:07,597 [INFO] ApiDb:448 - Save user favorites file C:\Users\ASUS/.stm32cubeide/favorites.mcus.txt: 0 item(s)
2026-03-03 11:15:07,597 [INFO] ApiDb:452 - User favorites MCUs=[]
2026-03-03 11:15:07,601 [INFO] ApiDb:448 - Save user favorites file C:\Users\ASUS/.stm32cubeide/favorites.boards.txt: 1 item(s)
2026-03-03 11:15:07,602 [INFO] ApiDb:452 - User favorites Boards=[NUCLEO-F401RE]
2026-03-03 11:16:35,159 [INFO] UtilMem:75 - End SaveConfig() Used Memory: 825490592 Bytes (1073741824)
2026-03-03 11:16:35,378 [INFO] BlockDiagram:2775 - set Specific Code input for plugin: NVIC
2026-03-03 11:16:35,378 [INFO] BlockDiagram:2775 - set Specific Code input for plugin: USART
2026-03-03 11:16:35,378 [INFO] BlockDiagram:2775 - set Specific Code input for plugin: SYS
2026-03-03 11:16:35,379 [INFO] BlockDiagram:2775 - set Specific Code input for plugin: GPIO
2026-03-03 11:16:35,379 [INFO] BlockDiagram:2775 - set Specific Code input for plugin: RCC
2026-03-03 11:16:35,384 [INFO] CodeGenerator:892 - code generatio: config db path: C:\ST\STM32CubeIDE_1.19.0\STM32CubeIDE\plugins\com.st.stm32cube.common.mx_6.15.0.202507011659\\db\
2026-03-03 11:16:35,508 [INFO] CodeEngine:265 - oldGeneratedFile, C:\Users\ASUS\STM32CubeIDE\workspace_1.19.0\skill2\MXTmpFiles\license.tmp_save
2026-03-03 11:16:35,625 [INFO] CodeEngine:289 - Generated code: C:\Users\ASUS\STM32CubeIDE\workspace_1.19.0\skill2\MXTmpFiles\license.tmp
2026-03-03 11:16:35,675 [INFO] CodeEngine:265 - oldGeneratedFile, C:\Users\ASUS\STM32CubeIDE\workspace_1.19.0\skill2\MXTmpFiles\gpio.tmp_save
2026-03-03 11:16:35,791 [INFO] CodeEngine:289 - Generated code: C:\Users\ASUS\STM32CubeIDE\workspace_1.19.0\skill2\MXTmpFiles\gpio.tmp
2026-03-03 11:16:35,884 [INFO] CodeEngine:265 - oldGeneratedFile, C:\Users\ASUS\STM32CubeIDE\workspace_1.19.0\skill2\Core\Src\stm32f4xx_it.c_save
2026-03-03 11:16:36,017 [INFO] CodeEngine:289 - Generated code: C:\Users\ASUS\STM32CubeIDE\workspace_1.19.0\skill2\Core\Src\stm32f4xx_it.c
2026-03-03 11:16:36,040 [INFO] CodeEngine:265 - oldGeneratedFile, C:\Users\ASUS\STM32CubeIDE\workspace_1.19.0\skill2\Core\Inc\stm32f4xx_it.h_save
2026-03-03 11:16:36,163 [INFO] CodeEngine:289 - Generated code: C:\Users\ASUS\STM32CubeIDE\workspace_1.19.0\skill2\Core\Inc\stm32f4xx_it.h
2026-03-03 11:16:36,206 [INFO] CodeEngine:265 - oldGeneratedFile, C:\Users\ASUS\STM32CubeIDE\workspace_1.19.0\skill2\Core\Src\stm32f4xx_hal_msp.c_save
2026-03-03 11:16:36,383 [INFO] CodeEngine:289 - Generated code: C:\Users\ASUS\STM32CubeIDE\workspace_1.19.0\skill2\Core\Src\stm32f4xx_hal_msp.c
2026-03-03 11:16:36,402 [INFO] CodeEngine:265 - oldGeneratedFile, C:\Users\ASUS\STM32CubeIDE\workspace_1.19.0\skill2\MXTmpFiles\system.tmp_save
2026-03-03 11:16:36,518 [INFO] CodeEngine:289 - Generated code: C:\Users\ASUS\STM32CubeIDE\workspace_1.19.0\skill2\MXTmpFiles\system.tmp
2026-03-03 11:16:36,561 [INFO] CodeEngine:321 - oldGeneratedFile, C:\Users\ASUS\STM32CubeIDE\workspace_1.19.0\skill2\Core\Inc\stm32f4xx_hal_conf.h_save
2026-03-03 11:16:36,699 [INFO] CodeEngine:345 - Generated code: C:\Users\ASUS\STM32CubeIDE\workspace_1.19.0\skill2\Core\Inc\stm32f4xx_hal_conf.h
2026-03-03 11:16:36,769 [INFO] CodeEngine:265 - oldGeneratedFile, C:\Users\ASUS\STM32CubeIDE\workspace_1.19.0\skill2\Core\Inc\main.h_save
2026-03-03 11:16:36,899 [INFO] CodeEngine:289 - Generated code: C:\Users\ASUS\STM32CubeIDE\workspace_1.19.0\skill2\Core\Inc\main.h
2026-03-03 11:16:36,922 [INFO] CodeEngine:265 - oldGeneratedFile, C:\Users\ASUS\STM32CubeIDE\workspace_1.19.0\skill2\Core\Src\main.c_save
2026-03-03 11:16:37,088 [INFO] CodeEngine:289 - Generated code: C:\Users\ASUS\STM32CubeIDE\workspace_1.19.0\skill2\Core\Src\main.c
2026-03-03 11:16:37,937 [INFO] ProjectBuilder:3606 - Time for Copy HAL[1] : 569mS.
2026-03-03 11:16:37,944 [INFO] ProjectBuilder:5216 - Project Generator version: 4.7.0-B52
2026-03-03 11:16:38,076 [INFO] ConfigFileManager:1595 - The Die is : DIE433
2026-03-03 11:16:39,267 [INFO] ProjectBuilder:5496 - Time for Generating toolchain IDE Files: 1322mS.
2026-03-03 11:16:39,270 [INFO] ProjectBuilder:3463 - Time for Copy CMSIS : 3mS.
2026-03-03 11:16:39,276 [INFO] ProjectBuilder:3463 - Time for Copy CMSIS : 0mS.
2026-03-03 11:23:39,264 [INFO] NvicIntPanel:101 - NVIC parent = com.st.microxplorer.plugins.ip.nvic.MultiNvicIntPanel[,0,0,450x209,layout=javax.swing.BoxLayout,alignmentX=0.0,alignmentY=0.0,border=,flags=9,maximumSize=,minimumSize=,preferredSize=]
2026-03-03 11:23:41,011 [INFO] NvicIntPanel:101 - NVIC parent = com.st.microxplorer.plugins.ip.nvic.MultiNvicIntPanel[,0,0,0x0,invalid,layout=javax.swing.BoxLayout,alignmentX=0.0,alignmentY=0.0,border=,flags=9,maximumSize=,minimumSize=,preferredSize=]
2026-03-03 11:24:00,509 [INFO] UtilMem:75 - End SaveConfig() Used Memory: 1017313568 Bytes (1073741824)
2026-03-03 11:24:04,253 [INFO] UtilMem:75 - End SaveConfig() Used Memory: 773441208 Bytes (1073741824)
2026-03-03 11:24:04,634 [INFO] BlockDiagram:2775 - set Specific Code input for plugin: NVIC
2026-03-03 11:24:04,634 [INFO] BlockDiagram:2775 - set Specific Code input for plugin: USART
2026-03-03 11:24:04,635 [INFO] BlockDiagram:2775 - set Specific Code input for plugin: SYS
2026-03-03 11:24:04,635 [INFO] BlockDiagram:2775 - set Specific Code input for plugin: GPIO
2026-03-03 11:24:04,635 [INFO] BlockDiagram:2775 - set Specific Code input for plugin: RCC
2026-03-03 11:24:04,640 [INFO] CodeGenerator:892 - code generatio: config db path: C:\ST\STM32CubeIDE_1.19.0\STM32CubeIDE\plugins\com.st.stm32cube.common.mx_6.15.0.202507011659\\db\
2026-03-03 11:24:04,841 [INFO] CodeEngine:265 - oldGeneratedFile, C:\Users\ASUS\STM32CubeIDE\workspace_1.19.0\skill2\MXTmpFiles\license.tmp_save
2026-03-03 11:24:05,540 [INFO] CodeEngine:289 - Generated code: C:\Users\ASUS\STM32CubeIDE\workspace_1.19.0\skill2\MXTmpFiles\license.tmp
2026-03-03 11:24:05,618 [INFO] CodeEngine:265 - oldGeneratedFile, C:\Users\ASUS\STM32CubeIDE\workspace_1.19.0\skill2\MXTmpFiles\gpio.tmp_save
2026-03-03 11:24:05,880 [INFO] CodeEngine:289 - Generated code: C:\Users\ASUS\STM32CubeIDE\workspace_1.19.0\skill2\MXTmpFiles\gpio.tmp
2026-03-03 11:24:06,032 [INFO] CodeEngine:265 - oldGeneratedFile, C:\Users\ASUS\STM32CubeIDE\workspace_1.19.0\skill2\Core\Src\stm32f4xx_it.c_save
2026-03-03 11:24:06,637 [INFO] CodeEngine:289 - Generated code: C:\Users\ASUS\STM32CubeIDE\workspace_1.19.0\skill2\Core\Src\stm32f4xx_it.c
2026-03-03 11:24:06,665 [INFO] CodeEngine:265 - oldGeneratedFile, C:\Users\ASUS\STM32CubeIDE\workspace_1.19.0\skill2\Core\Inc\stm32f4xx_it.h_save
2026-03-03 11:24:06,875 [INFO] CodeEngine:289 - Generated code: C:\Users\ASUS\STM32CubeIDE\workspace_1.19.0\skill2\Core\Inc\stm32f4xx_it.h
2026-03-03 11:24:06,938 [INFO] CodeEngine:265 - oldGeneratedFile, C:\Users\ASUS\STM32CubeIDE\workspace_1.19.0\skill2\Core\Src\stm32f4xx_hal_msp.c_save
2026-03-03 11:24:07,332 [INFO] CodeEngine:289 - Generated code: C:\Users\ASUS\STM32CubeIDE\workspace_1.19.0\skill2\Core\Src\stm32f4xx_hal_msp.c
2026-03-03 11:24:07,362 [INFO] CodeEngine:265 - oldGeneratedFile, C:\Users\ASUS\STM32CubeIDE\workspace_1.19.0\skill2\MXTmpFiles\system.tmp_save
2026-03-03 11:24:07,562 [INFO] CodeEngine:289 - Generated code: C:\Users\ASUS\STM32CubeIDE\workspace_1.19.0\skill2\MXTmpFiles\system.tmp
2026-03-03 11:24:07,616 [INFO] CodeEngine:321 - oldGeneratedFile, C:\Users\ASUS\STM32CubeIDE\workspace_1.19.0\skill2\Core\Inc\stm32f4xx_hal_conf.h_save
2026-03-03 11:24:07,839 [INFO] CodeEngine:345 - Generated code: C:\Users\ASUS\STM32CubeIDE\workspace_1.19.0\skill2\Core\Inc\stm32f4xx_hal_conf.h
2026-03-03 11:24:07,961 [INFO] CodeEngine:265 - oldGeneratedFile, C:\Users\ASUS\STM32CubeIDE\workspace_1.19.0\skill2\Core\Inc\main.h_save
2026-03-03 11:24:08,273 [INFO] CodeEngine:289 - Generated code: C:\Users\ASUS\STM32CubeIDE\workspace_1.19.0\skill2\Core\Inc\main.h
2026-03-03 11:24:08,311 [INFO] CodeEngine:265 - oldGeneratedFile, C:\Users\ASUS\STM32CubeIDE\workspace_1.19.0\skill2\Core\Src\main.c_save
2026-03-03 11:24:08,588 [INFO] CodeEngine:289 - Generated code: C:\Users\ASUS\STM32CubeIDE\workspace_1.19.0\skill2\Core\Src\main.c
2026-03-03 11:24:09,754 [INFO] ProjectBuilder:3606 - Time for Copy HAL[1] : 773mS.
2026-03-03 11:24:09,768 [INFO] ProjectBuilder:5216 - Project Generator version: 4.7.0-B52
2026-03-03 11:24:09,959 [INFO] ConfigFileManager:1595 - The Die is : DIE433
2026-03-03 11:24:12,478 [INFO] ProjectBuilder:5496 - Time for Generating toolchain IDE Files: 2707mS.
2026-03-03 11:24:12,485 [INFO] ProjectBuilder:3463 - Time for Copy CMSIS : 6mS.
2026-03-03 11:24:12,496 [INFO] ProjectBuilder:3463 - Time for Copy CMSIS : 1mS.
2026-03-03 11:32:09,910 [INFO] WebApp:194 - Connection lost
2026-03-03 11:32:11,613 [INFO] WebApp:191 - Connection restablished
2026-03-03 12:00:26,413 [INFO] UtilMem:75 - End SaveConfig() Used Memory: 740180944 Bytes (1073741824)
2026-03-03 12:00:26,986 [INFO] BlockDiagram:2775 - set Specific Code input for plugin: NVIC
2026-03-03 12:00:26,987 [INFO] BlockDiagram:2775 - set Specific Code input for plugin: USART
2026-03-03 12:00:26,987 [INFO] BlockDiagram:2775 - set Specific Code input for plugin: SYS
2026-03-03 12:00:26,988 [INFO] BlockDiagram:2775 - set Specific Code input for plugin: GPIO
2026-03-03 12:00:26,988 [INFO] BlockDiagram:2775 - set Specific Code input for plugin: RCC
2026-03-03 12:00:26,992 [INFO] CodeGenerator:892 - code generatio: config db path: C:\ST\STM32CubeIDE_1.19.0\STM32CubeIDE\plugins\com.st.stm32cube.common.mx_6.15.0.202507011659\\db\
2026-03-03 12:00:27,149 [INFO] CodeEngine:265 - oldGeneratedFile, C:\Users\ASUS\STM32CubeIDE\workspace_1.19.0\skill2\MXTmpFiles\license.tmp_save
2026-03-03 12:00:27,570 [INFO] CodeEngine:289 - Generated code: C:\Users\ASUS\STM32CubeIDE\workspace_1.19.0\skill2\MXTmpFiles\license.tmp
2026-03-03 12:00:27,640 [INFO] CodeEngine:265 - oldGeneratedFile, C:\Users\ASUS\STM32CubeIDE\workspace_1.19.0\skill2\MXTmpFiles\gpio.tmp_save
2026-03-03 12:00:27,865 [INFO] CodeEngine:289 - Generated code: C:\Users\ASUS\STM32CubeIDE\workspace_1.19.0\skill2\MXTmpFiles\gpio.tmp
2026-03-03 12:00:28,036 [INFO] CodeEngine:265 - oldGeneratedFile, C:\Users\ASUS\STM32CubeIDE\workspace_1.19.0\skill2\Core\Src\stm32f4xx_it.c_save
2026-03-03 12:00:28,475 [INFO] CodeEngine:289 - Generated code: C:\Users\ASUS\STM32CubeIDE\workspace_1.19.0\skill2\Core\Src\stm32f4xx_it.c
2026-03-03 12:00:28,497 [INFO] CodeEngine:265 - oldGeneratedFile, C:\Users\ASUS\STM32CubeIDE\workspace_1.19.0\skill2\Core\Inc\stm32f4xx_it.h_save
2026-03-03 12:00:28,687 [INFO] CodeEngine:289 - Generated code: C:\Users\ASUS\STM32CubeIDE\workspace_1.19.0\skill2\Core\Inc\stm32f4xx_it.h
2026-03-03 12:00:28,757 [INFO] CodeEngine:265 - oldGeneratedFile, C:\Users\ASUS\STM32CubeIDE\workspace_1.19.0\skill2\Core\Src\stm32f4xx_hal_msp.c_save
2026-03-03 12:00:29,072 [INFO] CodeEngine:289 - Generated code: C:\Users\ASUS\STM32CubeIDE\workspace_1.19.0\skill2\Core\Src\stm32f4xx_hal_msp.c
2026-03-03 12:00:29,091 [INFO] CodeEngine:265 - oldGeneratedFile, C:\Users\ASUS\STM32CubeIDE\workspace_1.19.0\skill2\MXTmpFiles\system.tmp_save
2026-03-03 12:00:29,255 [INFO] CodeEngine:289 - Generated code: C:\Users\ASUS\STM32CubeIDE\workspace_1.19.0\skill2\MXTmpFiles\system.tmp
2026-03-03 12:00:29,297 [INFO] CodeEngine:321 - oldGeneratedFile, C:\Users\ASUS\STM32CubeIDE\workspace_1.19.0\skill2\Core\Inc\stm32f4xx_hal_conf.h_save
2026-03-03 12:00:29,494 [INFO] CodeEngine:345 - Generated code: C:\Users\ASUS\STM32CubeIDE\workspace_1.19.0\skill2\Core\Inc\stm32f4xx_hal_conf.h
2026-03-03 12:00:29,586 [INFO] CodeEngine:265 - oldGeneratedFile, C:\Users\ASUS\STM32CubeIDE\workspace_1.19.0\skill2\Core\Inc\main.h_save
2026-03-03 12:00:29,815 [INFO] CodeEngine:289 - Generated code: C:\Users\ASUS\STM32CubeIDE\workspace_1.19.0\skill2\Core\Inc\main.h
2026-03-03 12:00:29,844 [INFO] CodeEngine:265 - oldGeneratedFile, C:\Users\ASUS\STM32CubeIDE\workspace_1.19.0\skill2\Core\Src\main.c_save
2026-03-03 12:00:30,112 [INFO] CodeEngine:289 - Generated code: C:\Users\ASUS\STM32CubeIDE\workspace_1.19.0\skill2\Core\Src\main.c
2026-03-03 12:00:31,126 [INFO] ProjectBuilder:3606 - Time for Copy HAL[1] : 657mS.
2026-03-03 12:00:31,137 [INFO] ProjectBuilder:5216 - Project Generator version: 4.7.0-B52
2026-03-03 12:00:31,301 [INFO] ConfigFileManager:1595 - The Die is : DIE433
2026-03-03 12:00:33,057 [INFO] ProjectBuilder:5496 - Time for Generating toolchain IDE Files: 1920mS.
2026-03-03 12:00:33,063 [INFO] ProjectBuilder:3463 - Time for Copy CMSIS : 5mS.
2026-03-03 12:00:33,074 [INFO] ProjectBuilder:3463 - Time for Copy CMSIS : 1mS.
2026-03-03 12:03:11,116 [INFO] NvicIntPanel:101 - NVIC parent = com.st.microxplorer.plugins.ip.nvic.MultiNvicIntPanel[,0,0,450x166,layout=javax.swing.BoxLayout,alignmentX=0.0,alignmentY=0.0,border=,flags=9,maximumSize=,minimumSize=,preferredSize=]
2026-03-03 12:03:13,004 [INFO] NvicIntPanel:101 - NVIC parent = com.st.microxplorer.plugins.ip.nvic.MultiNvicIntPanel[,0,0,0x0,invalid,layout=javax.swing.BoxLayout,alignmentX=0.0,alignmentY=0.0,border=,flags=9,maximumSize=,minimumSize=,preferredSize=]
2026-03-03 12:03:20,592 [INFO] UtilMem:75 - End SaveConfig() Used Memory: 767503512 Bytes (1073741824)
2026-03-03 12:03:24,248 [INFO] UtilMem:75 - End SaveConfig() Used Memory: 836709528 Bytes (1073741824)
2026-03-03 12:03:24,448 [INFO] BlockDiagram:2775 - set Specific Code input for plugin: NVIC
2026-03-03 12:03:24,449 [INFO] BlockDiagram:2775 - set Specific Code input for plugin: USART
2026-03-03 12:03:24,449 [INFO] BlockDiagram:2775 - set Specific Code input for plugin: SYS
2026-03-03 12:03:24,450 [INFO] BlockDiagram:2775 - set Specific Code input for plugin: GPIO
2026-03-03 12:03:24,450 [INFO] BlockDiagram:2775 - set Specific Code input for plugin: RCC
2026-03-03 12:03:24,454 [INFO] CodeGenerator:892 - code generatio: config db path: C:\ST\STM32CubeIDE_1.19.0\STM32CubeIDE\plugins\com.st.stm32cube.common.mx_6.15.0.202507011659\\db\
2026-03-03 12:03:24,602 [INFO] CodeEngine:265 - oldGeneratedFile, C:\Users\ASUS\STM32CubeIDE\workspace_1.19.0\skill2\MXTmpFiles\license.tmp_save
2026-03-03 12:03:24,712 [INFO] CodeEngine:289 - Generated code: C:\Users\ASUS\STM32CubeIDE\workspace_1.19.0\skill2\MXTmpFiles\license.tmp
2026-03-03 12:03:24,764 [INFO] CodeEngine:265 - oldGeneratedFile, C:\Users\ASUS\STM32CubeIDE\workspace_1.19.0\skill2\MXTmpFiles\gpio.tmp_save
2026-03-03 12:03:24,878 [INFO] CodeEngine:289 - Generated code: C:\Users\ASUS\STM32CubeIDE\workspace_1.19.0\skill2\MXTmpFiles\gpio.tmp
2026-03-03 12:03:24,964 [INFO] CodeEngine:265 - oldGeneratedFile, C:\Users\ASUS\STM32CubeIDE\workspace_1.19.0\skill2\Core\Src\stm32f4xx_it.c_save
2026-03-03 12:03:25,114 [INFO] CodeEngine:289 - Generated code: C:\Users\ASUS\STM32CubeIDE\workspace_1.19.0\skill2\Core\Src\stm32f4xx_it.c
2026-03-03 12:03:25,139 [INFO] CodeEngine:265 - oldGeneratedFile, C:\Users\ASUS\STM32CubeIDE\workspace_1.19.0\skill2\Core\Inc\stm32f4xx_it.h_save
2026-03-03 12:03:25,269 [INFO] CodeEngine:289 - Generated code: C:\Users\ASUS\STM32CubeIDE\workspace_1.19.0\skill2\Core\Inc\stm32f4xx_it.h
2026-03-03 12:03:25,314 [INFO] CodeEngine:265 - oldGeneratedFile, C:\Users\ASUS\STM32CubeIDE\workspace_1.19.0\skill2\Core\Src\stm32f4xx_hal_msp.c_save
2026-03-03 12:03:25,490 [INFO] CodeEngine:289 - Generated code: C:\Users\ASUS\STM32CubeIDE\workspace_1.19.0\skill2\Core\Src\stm32f4xx_hal_msp.c
2026-03-03 12:03:25,508 [INFO] CodeEngine:265 - oldGeneratedFile, C:\Users\ASUS\STM32CubeIDE\workspace_1.19.0\skill2\MXTmpFiles\system.tmp_save
2026-03-03 12:03:25,609 [INFO] CodeEngine:289 - Generated code: C:\Users\ASUS\STM32CubeIDE\workspace_1.19.0\skill2\MXTmpFiles\system.tmp
2026-03-03 12:03:25,644 [INFO] CodeEngine:321 - oldGeneratedFile, C:\Users\ASUS\STM32CubeIDE\workspace_1.19.0\skill2\Core\Inc\stm32f4xx_hal_conf.h_save
2026-03-03 12:03:25,788 [INFO] CodeEngine:345 - Generated code: C:\Users\ASUS\STM32CubeIDE\workspace_1.19.0\skill2\Core\Inc\stm32f4xx_hal_conf.h
2026-03-03 12:03:25,855 [INFO] CodeEngine:265 - oldGeneratedFile, C:\Users\ASUS\STM32CubeIDE\workspace_1.19.0\skill2\Core\Inc\main.h_save
2026-03-03 12:03:25,980 [INFO] CodeEngine:289 - Generated code: C:\Users\ASUS\STM32CubeIDE\workspace_1.19.0\skill2\Core\Inc\main.h
2026-03-03 12:03:26,000 [INFO] CodeEngine:265 - oldGeneratedFile, C:\Users\ASUS\STM32CubeIDE\workspace_1.19.0\skill2\Core\Src\main.c_save
2026-03-03 12:03:26,176 [INFO] CodeEngine:289 - Generated code: C:\Users\ASUS\STM32CubeIDE\workspace_1.19.0\skill2\Core\Src\main.c
2026-03-03 12:03:27,080 [INFO] ProjectBuilder:3606 - Time for Copy HAL[1] : 587mS.
2026-03-03 12:03:27,088 [INFO] ProjectBuilder:5216 - Project Generator version: 4.7.0-B52
2026-03-03 12:03:27,211 [INFO] ConfigFileManager:1595 - The Die is : DIE433
2026-03-03 12:03:28,537 [INFO] ProjectBuilder:5496 - Time for Generating toolchain IDE Files: 1449mS.
2026-03-03 12:03:28,540 [INFO] ProjectBuilder:3463 - Time for Copy CMSIS : 2mS.
2026-03-03 12:03:28,550 [INFO] ProjectBuilder:3463 - Time for Copy CMSIS : 0mS.
2026-03-03 12:07:27,757 [INFO] NvicIntPanel:101 - NVIC parent = com.st.microxplorer.plugins.ip.nvic.MultiNvicIntPanel[,0,0,0x0,invalid,layout=javax.swing.BoxLayout,alignmentX=0.0,alignmentY=0.0,border=,flags=9,maximumSize=,minimumSize=,preferredSize=]
2026-03-03 12:07:30,874 [INFO] UtilMem:75 - End SaveConfig() Used Memory: 806161904 Bytes (1073741824)
2026-03-03 12:07:33,530 [INFO] UtilMem:75 - End SaveConfig() Used Memory: 872943120 Bytes (1073741824)
2026-03-03 12:07:33,714 [INFO] BlockDiagram:2775 - set Specific Code input for plugin: NVIC
2026-03-03 12:07:33,715 [INFO] BlockDiagram:2775 - set Specific Code input for plugin: USART
2026-03-03 12:07:33,715 [INFO] BlockDiagram:2775 - set Specific Code input for plugin: SYS
2026-03-03 12:07:33,715 [INFO] BlockDiagram:2775 - set Specific Code input for plugin: GPIO
2026-03-03 12:07:33,715 [INFO] BlockDiagram:2775 - set Specific Code input for plugin: RCC
2026-03-03 12:07:33,720 [INFO] CodeGenerator:892 - code generatio: config db path: C:\ST\STM32CubeIDE_1.19.0\STM32CubeIDE\plugins\com.st.stm32cube.common.mx_6.15.0.202507011659\\db\
2026-03-03 12:07:33,846 [INFO] CodeEngine:265 - oldGeneratedFile, C:\Users\ASUS\STM32CubeIDE\workspace_1.19.0\skill2\MXTmpFiles\license.tmp_save
2026-03-03 12:07:33,949 [INFO] CodeEngine:289 - Generated code: C:\Users\ASUS\STM32CubeIDE\workspace_1.19.0\skill2\MXTmpFiles\license.tmp
2026-03-03 12:07:33,986 [INFO] CodeEngine:265 - oldGeneratedFile, C:\Users\ASUS\STM32CubeIDE\workspace_1.19.0\skill2\MXTmpFiles\gpio.tmp_save
2026-03-03 12:07:34,099 [INFO] CodeEngine:289 - Generated code: C:\Users\ASUS\STM32CubeIDE\workspace_1.19.0\skill2\MXTmpFiles\gpio.tmp
2026-03-03 12:07:34,166 [INFO] CodeEngine:265 - oldGeneratedFile, C:\Users\ASUS\STM32CubeIDE\workspace_1.19.0\skill2\Core\Src\stm32f4xx_it.c_save
2026-03-03 12:07:34,286 [INFO] CodeEngine:289 - Generated code: C:\Users\ASUS\STM32CubeIDE\workspace_1.19.0\skill2\Core\Src\stm32f4xx_it.c
2026-03-03 12:07:34,306 [INFO] CodeEngine:265 - oldGeneratedFile, C:\Users\ASUS\STM32CubeIDE\workspace_1.19.0\skill2\Core\Inc\stm32f4xx_it.h_save
2026-03-03 12:07:34,419 [INFO] CodeEngine:289 - Generated code: C:\Users\ASUS\STM32CubeIDE\workspace_1.19.0\skill2\Core\Inc\stm32f4xx_it.h
2026-03-03 12:07:34,456 [INFO] CodeEngine:265 - oldGeneratedFile, C:\Users\ASUS\STM32CubeIDE\workspace_1.19.0\skill2\Core\Src\stm32f4xx_hal_msp.c_save
2026-03-03 12:07:34,610 [INFO] CodeEngine:289 - Generated code: C:\Users\ASUS\STM32CubeIDE\workspace_1.19.0\skill2\Core\Src\stm32f4xx_hal_msp.c
2026-03-03 12:07:34,628 [INFO] CodeEngine:265 - oldGeneratedFile, C:\Users\ASUS\STM32CubeIDE\workspace_1.19.0\skill2\MXTmpFiles\system.tmp_save
2026-03-03 12:07:34,727 [INFO] CodeEngine:289 - Generated code: C:\Users\ASUS\STM32CubeIDE\workspace_1.19.0\skill2\MXTmpFiles\system.tmp
2026-03-03 12:07:34,760 [INFO] CodeEngine:321 - oldGeneratedFile, C:\Users\ASUS\STM32CubeIDE\workspace_1.19.0\skill2\Core\Inc\stm32f4xx_hal_conf.h_save
2026-03-03 12:07:34,900 [INFO] CodeEngine:345 - Generated code: C:\Users\ASUS\STM32CubeIDE\workspace_1.19.0\skill2\Core\Inc\stm32f4xx_hal_conf.h
2026-03-03 12:07:34,961 [INFO] CodeEngine:265 - oldGeneratedFile, C:\Users\ASUS\STM32CubeIDE\workspace_1.19.0\skill2\Core\Inc\main.h_save
2026-03-03 12:07:35,088 [INFO] CodeEngine:289 - Generated code: C:\Users\ASUS\STM32CubeIDE\workspace_1.19.0\skill2\Core\Inc\main.h
2026-03-03 12:07:35,108 [INFO] CodeEngine:265 - oldGeneratedFile, C:\Users\ASUS\STM32CubeIDE\workspace_1.19.0\skill2\Core\Src\main.c_save
2026-03-03 12:07:35,274 [INFO] CodeEngine:289 - Generated code: C:\Users\ASUS\STM32CubeIDE\workspace_1.19.0\skill2\Core\Src\main.c
2026-03-03 12:07:36,139 [INFO] ProjectBuilder:3606 - Time for Copy HAL[1] : 568mS.
2026-03-03 12:07:36,146 [INFO] ProjectBuilder:5216 - Project Generator version: 4.7.0-B52
2026-03-03 12:07:36,267 [INFO] ConfigFileManager:1595 - The Die is : DIE433
2026-03-03 12:07:37,465 [INFO] ProjectBuilder:5496 - Time for Generating toolchain IDE Files: 1319mS.
2026-03-03 12:07:37,469 [INFO] ProjectBuilder:3463 - Time for Copy CMSIS : 3mS.
2026-03-03 12:07:37,478 [INFO] ProjectBuilder:3463 - Time for Copy CMSIS : 0mS.
2026-03-03 12:12:12,435 [INFO] UtilMem:75 - End SaveConfig() Used Memory: 734194304 Bytes (1073741824)
2026-03-03 12:12:15,006 [INFO] UtilMem:75 - End SaveConfig() Used Memory: 803922560 Bytes (1073741824)
2026-03-03 12:12:15,187 [INFO] BlockDiagram:2775 - set Specific Code input for plugin: NVIC
2026-03-03 12:12:15,187 [INFO] BlockDiagram:2775 - set Specific Code input for plugin: USART
2026-03-03 12:12:15,187 [INFO] BlockDiagram:2775 - set Specific Code input for plugin: SYS
2026-03-03 12:12:15,188 [INFO] BlockDiagram:2775 - set Specific Code input for plugin: GPIO
2026-03-03 12:12:15,188 [INFO] BlockDiagram:2775 - set Specific Code input for plugin: RCC
2026-03-03 12:12:15,190 [INFO] CodeGenerator:892 - code generatio: config db path: C:\ST\STM32CubeIDE_1.19.0\STM32CubeIDE\plugins\com.st.stm32cube.common.mx_6.15.0.202507011659\\db\
2026-03-03 12:12:15,305 [INFO] CodeEngine:265 - oldGeneratedFile, C:\Users\ASUS\STM32CubeIDE\workspace_1.19.0\skill2\MXTmpFiles\license.tmp_save
2026-03-03 12:12:15,405 [INFO] CodeEngine:289 - Generated code: C:\Users\ASUS\STM32CubeIDE\workspace_1.19.0\skill2\MXTmpFiles\license.tmp
2026-03-03 12:12:15,443 [INFO] CodeEngine:265 - oldGeneratedFile, C:\Users\ASUS\STM32CubeIDE\workspace_1.19.0\skill2\MXTmpFiles\gpio.tmp_save
2026-03-03 12:12:15,548 [INFO] CodeEngine:289 - Generated code: C:\Users\ASUS\STM32CubeIDE\workspace_1.19.0\skill2\MXTmpFiles\gpio.tmp
2026-03-03 12:12:15,609 [INFO] CodeEngine:265 - oldGeneratedFile, C:\Users\ASUS\STM32CubeIDE\workspace_1.19.0\skill2\Core\Src\stm32f4xx_it.c_save
2026-03-03 12:12:15,729 [INFO] CodeEngine:289 - Generated code: C:\Users\ASUS\STM32CubeIDE\workspace_1.19.0\skill2\Core\Src\stm32f4xx_it.c
2026-03-03 12:12:15,749 [INFO] CodeEngine:265 - oldGeneratedFile, C:\Users\ASUS\STM32CubeIDE\workspace_1.19.0\skill2\Core\Inc\stm32f4xx_it.h_save
2026-03-03 12:12:15,857 [INFO] CodeEngine:289 - Generated code: C:\Users\ASUS\STM32CubeIDE\workspace_1.19.0\skill2\Core\Inc\stm32f4xx_it.h
2026-03-03 12:12:15,891 [INFO] CodeEngine:265 - oldGeneratedFile, C:\Users\ASUS\STM32CubeIDE\workspace_1.19.0\skill2\Core\Src\stm32f4xx_hal_msp.c_save
2026-03-03 12:12:16,051 [INFO] CodeEngine:289 - Generated code: C:\Users\ASUS\STM32CubeIDE\workspace_1.19.0\skill2\Core\Src\stm32f4xx_hal_msp.c
2026-03-03 12:12:16,067 [INFO] CodeEngine:265 - oldGeneratedFile, C:\Users\ASUS\STM32CubeIDE\workspace_1.19.0\skill2\MXTmpFiles\system.tmp_save
2026-03-03 12:12:16,166 [INFO] CodeEngine:289 - Generated code: C:\Users\ASUS\STM32CubeIDE\workspace_1.19.0\skill2\MXTmpFiles\system.tmp
2026-03-03 12:12:16,199 [INFO] CodeEngine:321 - oldGeneratedFile, C:\Users\ASUS\STM32CubeIDE\workspace_1.19.0\skill2\Core\Inc\stm32f4xx_hal_conf.h_save
2026-03-03 12:12:16,317 [INFO] CodeEngine:345 - Generated code: C:\Users\ASUS\STM32CubeIDE\workspace_1.19.0\skill2\Core\Inc\stm32f4xx_hal_conf.h
2026-03-03 12:12:16,373 [INFO] CodeEngine:265 - oldGeneratedFile, C:\Users\ASUS\STM32CubeIDE\workspace_1.19.0\skill2\Core\Inc\main.h_save
2026-03-03 12:12:16,488 [INFO] CodeEngine:289 - Generated code: C:\Users\ASUS\STM32CubeIDE\workspace_1.19.0\skill2\Core\Inc\main.h
2026-03-03 12:12:16,508 [INFO] CodeEngine:265 - oldGeneratedFile, C:\Users\ASUS\STM32CubeIDE\workspace_1.19.0\skill2\Core\Src\main.c_save
2026-03-03 12:12:16,668 [INFO] CodeEngine:289 - Generated code: C:\Users\ASUS\STM32CubeIDE\workspace_1.19.0\skill2\Core\Src\main.c
2026-03-03 12:12:17,504 [INFO] ProjectBuilder:3606 - Time for Copy HAL[1] : 556mS.
2026-03-03 12:12:17,513 [INFO] ProjectBuilder:5216 - Project Generator version: 4.7.0-B52
2026-03-03 12:12:17,634 [INFO] ConfigFileManager:1595 - The Die is : DIE433
2026-03-03 12:12:18,740 [INFO] ProjectBuilder:5496 - Time for Generating toolchain IDE Files: 1226mS.
2026-03-03 12:12:18,744 [INFO] ProjectBuilder:3463 - Time for Copy CMSIS : 4mS.
2026-03-03 12:12:18,752 [INFO] ProjectBuilder:3463 - Time for Copy CMSIS : 0mS.
2026-03-03 12:13:59,478 [INFO] UtilMem:75 - End SaveConfig() Used Memory: 701941176 Bytes (1073741824)
2026-03-03 12:14:02,054 [INFO] UtilMem:75 - End SaveConfig() Used Memory: 768001464 Bytes (1073741824)
2026-03-03 12:14:02,259 [INFO] BlockDiagram:2775 - set Specific Code input for plugin: NVIC
2026-03-03 12:14:02,259 [INFO] BlockDiagram:2775 - set Specific Code input for plugin: USART
2026-03-03 12:14:02,259 [INFO] BlockDiagram:2775 - set Specific Code input for plugin: SYS
2026-03-03 12:14:02,260 [INFO] BlockDiagram:2775 - set Specific Code input for plugin: GPIO
2026-03-03 12:14:02,260 [INFO] BlockDiagram:2775 - set Specific Code input for plugin: RCC
2026-03-03 12:14:02,264 [INFO] CodeGenerator:892 - code generatio: config db path: C:\ST\STM32CubeIDE_1.19.0\STM32CubeIDE\plugins\com.st.stm32cube.common.mx_6.15.0.202507011659\\db\
2026-03-03 12:14:02,399 [INFO] CodeEngine:265 - oldGeneratedFile, C:\Users\ASUS\STM32CubeIDE\workspace_1.19.0\skill2\MXTmpFiles\license.tmp_save
2026-03-03 12:14:02,523 [INFO] CodeEngine:289 - Generated code: C:\Users\ASUS\STM32CubeIDE\workspace_1.19.0\skill2\MXTmpFiles\license.tmp
2026-03-03 12:14:02,566 [INFO] CodeEngine:265 - oldGeneratedFile, C:\Users\ASUS\STM32CubeIDE\workspace_1.19.0\skill2\MXTmpFiles\gpio.tmp_save
2026-03-03 12:14:02,691 [INFO] CodeEngine:289 - Generated code: C:\Users\ASUS\STM32CubeIDE\workspace_1.19.0\skill2\MXTmpFiles\gpio.tmp
2026-03-03 12:14:02,771 [INFO] CodeEngine:265 - oldGeneratedFile, C:\Users\ASUS\STM32CubeIDE\workspace_1.19.0\skill2\Core\Src\stm32f4xx_it.c_save
2026-03-03 12:14:02,903 [INFO] CodeEngine:289 - Generated code: C:\Users\ASUS\STM32CubeIDE\workspace_1.19.0\skill2\Core\Src\stm32f4xx_it.c
2026-03-03 12:14:02,926 [INFO] CodeEngine:265 - oldGeneratedFile, C:\Users\ASUS\STM32CubeIDE\workspace_1.19.0\skill2\Core\Inc\stm32f4xx_it.h_save
2026-03-03 12:14:03,046 [INFO] CodeEngine:289 - Generated code: C:\Users\ASUS\STM32CubeIDE\workspace_1.19.0\skill2\Core\Inc\stm32f4xx_it.h
2026-03-03 12:14:03,086 [INFO] CodeEngine:265 - oldGeneratedFile, C:\Users\ASUS\STM32CubeIDE\workspace_1.19.0\skill2\Core\Src\stm32f4xx_hal_msp.c_save
2026-03-03 12:14:03,277 [INFO] CodeEngine:289 - Generated code: C:\Users\ASUS\STM32CubeIDE\workspace_1.19.0\skill2\Core\Src\stm32f4xx_hal_msp.c
2026-03-03 12:14:03,297 [INFO] CodeEngine:265 - oldGeneratedFile, C:\Users\ASUS\STM32CubeIDE\workspace_1.19.0\skill2\MXTmpFiles\system.tmp_save
2026-03-03 12:14:03,405 [INFO] CodeEngine:289 - Generated code: C:\Users\ASUS\STM32CubeIDE\workspace_1.19.0\skill2\MXTmpFiles\system.tmp
2026-03-03 12:14:03,446 [INFO] CodeEngine:321 - oldGeneratedFile, C:\Users\ASUS\STM32CubeIDE\workspace_1.19.0\skill2\Core\Inc\stm32f4xx_hal_conf.h_save
2026-03-03 12:14:03,600 [INFO] CodeEngine:345 - Generated code: C:\Users\ASUS\STM32CubeIDE\workspace_1.19.0\skill2\Core\Inc\stm32f4xx_hal_conf.h
2026-03-03 12:14:03,674 [INFO] CodeEngine:265 - oldGeneratedFile, C:\Users\ASUS\STM32CubeIDE\workspace_1.19.0\skill2\Core\Inc\main.h_save
2026-03-03 12:14:03,806 [INFO] CodeEngine:289 - Generated code: C:\Users\ASUS\STM32CubeIDE\workspace_1.19.0\skill2\Core\Inc\main.h
2026-03-03 12:14:03,830 [INFO] CodeEngine:265 - oldGeneratedFile, C:\Users\ASUS\STM32CubeIDE\workspace_1.19.0\skill2\Core\Src\main.c_save
2026-03-03 12:14:04,000 [INFO] CodeEngine:289 - Generated code: C:\Users\ASUS\STM32CubeIDE\workspace_1.19.0\skill2\Core\Src\main.c
2026-03-03 12:14:04,975 [INFO] ProjectBuilder:3606 - Time for Copy HAL[1] : 656mS.
2026-03-03 12:14:04,984 [INFO] ProjectBuilder:5216 - Project Generator version: 4.7.0-B52
2026-03-03 12:14:05,121 [INFO] ConfigFileManager:1595 - The Die is : DIE433
2026-03-03 12:14:06,592 [INFO] ProjectBuilder:5496 - Time for Generating toolchain IDE Files: 1607mS.
2026-03-03 12:14:06,608 [INFO] ProjectBuilder:3463 - Time for Copy CMSIS : 15mS.
2026-03-03 12:14:06,617 [INFO] ProjectBuilder:3463 - Time for Copy CMSIS : 0mS.
2026-03-03 12:16:02,512 [INFO] WebApp:194 - Connection lost
2026-03-03 12:16:42,882 [INFO] WebApp:191 - Connection restablished
2026-03-03 12:16:44,500 [INFO] WebApp:194 - Connection lost
2026-03-03 12:16:44,730 [INFO] WebApp:191 - Connection restablished
2026-03-03 12:54:57,064 [INFO] WebApp:194 - Connection lost
2026-03-03 12:55:08,609 [INFO] WebApp:191 - Connection restablished
2026-03-03 12:55:09,864 [INFO] WebApp:194 - Connection lost
2026-03-03 12:55:20,102 [INFO] WebApp:191 - Connection restablished
2026-03-03 12:56:34,193 [INFO] WebApp:194 - Connection lost
2026-03-03 14:24:22,845 [INFO] WebApp:191 - Connection restablished
2026-03-03 14:29:40,519 [INFO] WebApp:194 - Connection lost
2026-03-03 14:29:46,603 [INFO] WebApp:191 - Connection restablished
2026-03-03 14:43:49,291 [INFO] UtilMem:75 - End SaveConfig() Used Memory: 881762480 Bytes (1073741824)
2026-03-03 14:43:49,911 [INFO] BlockDiagram:2775 - set Specific Code input for plugin: NVIC
2026-03-03 14:43:49,911 [INFO] BlockDiagram:2775 - set Specific Code input for plugin: USART
2026-03-03 14:43:49,911 [INFO] BlockDiagram:2775 - set Specific Code input for plugin: SYS
2026-03-03 14:43:49,913 [INFO] BlockDiagram:2775 - set Specific Code input for plugin: GPIO
2026-03-03 14:43:49,913 [INFO] BlockDiagram:2775 - set Specific Code input for plugin: RCC
2026-03-03 14:43:49,917 [INFO] CodeGenerator:892 - code generatio: config db path: C:\ST\STM32CubeIDE_1.19.0\STM32CubeIDE\plugins\com.st.stm32cube.common.mx_6.15.0.202507011659\\db\
2026-03-03 14:43:50,049 [INFO] CodeEngine:265 - oldGeneratedFile, C:\Users\ASUS\STM32CubeIDE\workspace_1.19.0\skill2\MXTmpFiles\license.tmp_save
2026-03-03 14:43:50,426 [INFO] CodeEngine:289 - Generated code: C:\Users\ASUS\STM32CubeIDE\workspace_1.19.0\skill2\MXTmpFiles\license.tmp
2026-03-03 14:43:50,494 [INFO] CodeEngine:265 - oldGeneratedFile, C:\Users\ASUS\STM32CubeIDE\workspace_1.19.0\skill2\MXTmpFiles\gpio.tmp_save
2026-03-03 14:43:50,712 [INFO] CodeEngine:289 - Generated code: C:\Users\ASUS\STM32CubeIDE\workspace_1.19.0\skill2\MXTmpFiles\gpio.tmp
2026-03-03 14:43:50,867 [INFO] CodeEngine:265 - oldGeneratedFile, C:\Users\ASUS\STM32CubeIDE\workspace_1.19.0\skill2\Core\Src\stm32f4xx_it.c_save
2026-03-03 14:43:51,278 [INFO] CodeEngine:289 - Generated code: C:\Users\ASUS\STM32CubeIDE\workspace_1.19.0\skill2\Core\Src\stm32f4xx_it.c
2026-03-03 14:43:51,304 [INFO] CodeEngine:265 - oldGeneratedFile, C:\Users\ASUS\STM32CubeIDE\workspace_1.19.0\skill2\Core\Inc\stm32f4xx_it.h_save
2026-03-03 14:43:51,460 [INFO] CodeEngine:289 - Generated code: C:\Users\ASUS\STM32CubeIDE\workspace_1.19.0\skill2\Core\Inc\stm32f4xx_it.h
2026-03-03 14:43:51,509 [INFO] CodeEngine:265 - oldGeneratedFile, C:\Users\ASUS\STM32CubeIDE\workspace_1.19.0\skill2\Core\Src\stm32f4xx_hal_msp.c_save
2026-03-03 14:43:51,756 [INFO] CodeEngine:289 - Generated code: C:\Users\ASUS\STM32CubeIDE\workspace_1.19.0\skill2\Core\Src\stm32f4xx_hal_msp.c
2026-03-03 14:43:51,773 [INFO] CodeEngine:265 - oldGeneratedFile, C:\Users\ASUS\STM32CubeIDE\workspace_1.19.0\skill2\MXTmpFiles\system.tmp_save
2026-03-03 14:43:51,912 [INFO] CodeEngine:289 - Generated code: C:\Users\ASUS\STM32CubeIDE\workspace_1.19.0\skill2\MXTmpFiles\system.tmp
2026-03-03 14:43:51,947 [INFO] CodeEngine:321 - oldGeneratedFile, C:\Users\ASUS\STM32CubeIDE\workspace_1.19.0\skill2\Core\Inc\stm32f4xx_hal_conf.h_save
2026-03-03 14:43:52,100 [INFO] CodeEngine:345 - Generated code: C:\Users\ASUS\STM32CubeIDE\workspace_1.19.0\skill2\Core\Inc\stm32f4xx_hal_conf.h
2026-03-03 14:43:52,180 [INFO] CodeEngine:265 - oldGeneratedFile, C:\Users\ASUS\STM32CubeIDE\workspace_1.19.0\skill2\Core\Inc\main.h_save
2026-03-03 14:43:52,342 [INFO] CodeEngine:289 - Generated code: C:\Users\ASUS\STM32CubeIDE\workspace_1.19.0\skill2\Core\Inc\main.h
2026-03-03 14:43:52,363 [INFO] CodeEngine:265 - oldGeneratedFile, C:\Users\ASUS\STM32CubeIDE\workspace_1.19.0\skill2\Core\Src\main.c_save
2026-03-03 14:43:52,558 [INFO] CodeEngine:289 - Generated code: C:\Users\ASUS\STM32CubeIDE\workspace_1.19.0\skill2\Core\Src\main.c
2026-03-03 14:43:53,838 [INFO] ProjectBuilder:3606 - Time for Copy HAL[1] : 928mS.
2026-03-03 14:43:53,848 [INFO] ProjectBuilder:5216 - Project Generator version: 4.7.0-B52
2026-03-03 14:43:54,035 [INFO] ConfigFileManager:1595 - The Die is : DIE433
2026-03-03 14:43:55,553 [INFO] ProjectBuilder:5496 - Time for Generating toolchain IDE Files: 1705mS.
2026-03-03 14:43:55,557 [INFO] ProjectBuilder:3463 - Time for Copy CMSIS : 3mS.
2026-03-03 14:43:55,564 [INFO] ProjectBuilder:3463 - Time for Copy CMSIS : 0mS.
2026-03-03 15:56:26,849 [INFO] MainUpdater:2872 - connection check result : 10
2026-03-03 15:56:26,851 [INFO] MainUpdater:2872 - connection check result : 10
2026-03-03 15:56:26,937 [INFO] MicroXplorer:468 - Change Database Path : 
2026-03-03 15:56:26,939 [INFO] MicroXplorer:498 - Change Database Version : DB.6.0.150
2026-03-03 15:56:26,994 [ERROR] ProjectManagerView:395 - 
java.lang.NullPointerException: Cannot invoke "javax.swing.JTextField.getText()" because the return value of "java.util.List.get(int)" is null
	at com.st.microxplorer.plugins.projectmanager.gui.ProjectChoiceTab$9.caretUpdate(ProjectChoiceTab.java:2706) ~[filemanager.jar:?]
	at javax.swing.text.JTextComponent.fireCaretUpdate(JTextComponent.java:408) ~[?:?]
	at javax.swing.text.JTextComponent$MutableCaretEvent.fire(JTextComponent.java:4484) ~[?:?]
	at javax.swing.text.JTextComponent$MutableCaretEvent.stateChanged(JTextComponent.java:4506) ~[?:?]
	at javax.swing.text.DefaultCaret.fireStateChanged(DefaultCaret.java:857) ~[?:?]
	at javax.swing.text.DefaultCaret.changeCaretPosition(DefaultCaret.java:1343) ~[?:?]
	at javax.swing.text.DefaultCaret.handleSetDot(DefaultCaret.java:1242) ~[?:?]
	at javax.swing.text.DefaultCaret.setDot(DefaultCaret.java:1223) ~[?:?]
	at javax.swing.text.DefaultCaret$Handler.insertUpdate(DefaultCaret.java:1819) ~[?:?]
	at javax.swing.text.AbstractDocument.fireInsertUpdate(AbstractDocument.java:227) ~[?:?]
	at javax.swing.text.AbstractDocument.handleInsertString(AbstractDocument.java:781) ~[?:?]
	at javax.swing.text.AbstractDocument.insertString(AbstractDocument.java:740) ~[?:?]
	at javax.swing.text.PlainDocument.insertString(PlainDocument.java:131) ~[?:?]
	at javax.swing.text.AbstractDocument.replace(AbstractDocument.java:699) ~[?:?]
	at javax.swing.text.JTextComponent.setText(JTextComponent.java:1725) ~[?:?]
	at com.st.microxplorer.plugins.projectmanager.gui.ProjectChoiceTab.createHeapStackFields(ProjectChoiceTab.java:993) ~[filemanager.jar:?]
	at com.st.microxplorer.plugins.projectmanager.gui.ProjectChoiceTab.buildLinkSettingsPanel(ProjectChoiceTab.java:3813) ~[filemanager.jar:?]
	at com.st.microxplorer.plugins.projectmanager.gui.ProjectChoiceTab.defineWindowsFields(ProjectChoiceTab.java:1987) ~[filemanager.jar:?]
	at com.st.microxplorer.plugins.projectmanager.gui.ProjectChoiceTab.updateSettings(ProjectChoiceTab.java:558) ~[filemanager.jar:?]
	at com.st.microxplorer.plugins.projectmanager.gui.ProjectSettingsPanel.UpdateDialog(ProjectSettingsPanel.java:247) ~[filemanager.jar:?]
	at com.st.microxplorer.plugins.projectmanager.ProjectManagerView.propertyChange(ProjectManagerView.java:392) ~[filemanager.jar:?]
	at java.beans.PropertyChangeSupport.fire(PropertyChangeSupport.java:343) ~[?:?]
	at java.beans.PropertyChangeSupport.firePropertyChange(PropertyChangeSupport.java:335) ~[?:?]
	at java.beans.PropertyChangeSupport.firePropertyChange(PropertyChangeSupport.java:268) ~[?:?]
	at com.st.microxplorer.util.MXPropertyChangeSupport.firePropertyChange(MXPropertyChangeSupport.java:54) ~[STM32CubeMX.jar:?]
	at com.st.microxplorer.mxsystem.MxSystem.closeConfig(MxSystem.java:899) ~[STM32CubeMX.jar:?]
	at com.st.microxplorer.maingui.MainPanel.closeConfig(MainPanel.java:792) ~[STM32CubeMX.jar:?]
	at com.st.microxplorer.plugins.filemanager.engine.OpenFileManager.loadConfigurationFile(OpenFileManager.java:288) ~[filemanager.jar:?]
	at com.st.microxplorer.plugins.filemanager.engine.MainFileManager.userLoadConfig(MainFileManager.java:364) ~[filemanager.jar:?]
	at com.st.microxplorer.plugins.filemanager.engine.MainFileManager.userLoadConfig(MainFileManager.java:342) ~[filemanager.jar:?]
	at com.st.microxplorer.plugins.filemanager.FileManagerView.getSpecificTask(FileManagerView.java:264) ~[filemanager.jar:?]
	at com.st.stm32cube.common.mx.editor.CubeMxEditor.getMxTabbedPaneInstance(CubeMxEditor.java:1198) ~[com.st.stm32cube.common.mx_6.15.0.202507011659/:?]
	at com.st.stm32cube.common.mx.editor.CubeMxEditor$12$1.createSwingComponent(CubeMxEditor.java:1068) ~[com.st.stm32cube.common.mx_6.15.0.202507011659/:?]
	at com.st.stm32cube.common.mx.oss.core.awtswtbridge.EmbeddedSwingComposite.doComponentCreation(EmbeddedSwingComposite.java:492) ~[com.st.stm32cube.common.mx.oss_6.15.0.202507011659/:?]
	at com.st.stm32cube.common.mx.oss.core.awtswtbridge.EmbeddedSwingComposite$4.run(EmbeddedSwingComposite.java:291) ~[com.st.stm32cube.common.mx.oss_6.15.0.202507011659/:?]
	at com.st.stm32cube.common.mx.oss.core.awtswtbridge.AwtEnvironment$2.run(AwtEnvironment.java:166) ~[com.st.stm32cube.common.mx.oss_6.15.0.202507011659/:?]
	at java.awt.event.InvocationEvent.dispatch(InvocationEvent.java:318) ~[?:?]
	at java.awt.EventQueue.dispatchEventImpl(EventQueue.java:773) ~[?:?]
	at java.awt.EventQueue$4.run(EventQueue.java:720) ~[?:?]
	at java.awt.EventQueue$4.run(EventQueue.java:714) ~[?:?]
	at java.security.AccessController.doPrivileged(AccessController.java:400) ~[?:?]
	at java.security.ProtectionDomain$JavaSecurityAccessImpl.doIntersectionPrivilege(ProtectionDomain.java:87) ~[?:?]
	at java.awt.EventQueue.dispatchEvent(EventQueue.java:742) ~[?:?]
	at java.awt.EventDispatchThread.pumpOneEventForFilters(EventDispatchThread.java:203) ~[?:?]
	at java.awt.EventDispatchThread.pumpEventsForFilter(EventDispatchThread.java:124) ~[?:?]
	at java.awt.EventDispatchThread.pumpEventsForHierarchy(EventDispatchThread.java:113) ~[?:?]
	at java.awt.EventDispatchThread.pumpEvents(EventDispatchThread.java:109) ~[?:?]
	at java.awt.EventDispatchThread.pumpEvents(EventDispatchThread.java:101) ~[?:?]
	at java.awt.EventDispatchThread.run(EventDispatchThread.java:90) ~[?:?]
2026-03-03 15:56:26,997 [WARN] ThirdParty:871 - waiting for thirdparty lock release [close project]
2026-03-03 15:56:26,997 [INFO] ThirdParty:873 - entering critical section [close project]
2026-03-03 15:56:26,997 [INFO] ThirdParty:883 - exiting critical section [close project]
2026-03-03 15:56:27,001 [INFO] PinOutPanel:1589 - setPackage(No Configuration,No Configuration)
2026-03-03 15:56:27,021 [WARN] IpParametersView:155 - Warning: This peripheral hasn't parameters
2026-03-03 15:56:27,043 [WARN] MainPanel:289 - <html><b><center>Warning: This peripheral has no parameters to be configured<br></b></html>
2026-03-03 15:56:27,052 [INFO] UtilMem:75 - Begin LoadConfig() Used Memory: 967459928 Bytes (1073741824)
2026-03-03 15:56:27,053 [INFO] MicroXplorer:468 - Change Database Path : 
2026-03-03 15:56:27,053 [INFO] MicroXplorer:498 - Change Database Version : DB.6.0.150
2026-03-03 15:56:27,053 [INFO] OpenFileManager:355 - Change cursor
2026-03-03 15:56:27,112 [INFO] RulesReader:64 - Compatibility file has been processed (317 Rules)
2026-03-03 15:56:27,123 [INFO] Mcu:2029 - Initializing MCU STM32F401R(D-E)Tx STM32F401RETx STM32F401RET6
2026-03-03 15:56:28,799 [INFO] Context:786 - Trying to add GPIOservice into a context  which must be forbidden
2026-03-03 15:56:29,563 [INFO] ImportTextPane:234 - (OptionalMessage_ERROR) Pin12 (VP_RIF_VS_RIF1) cannot be retrieved for this MCU
2026-03-03 15:56:29,857 [INFO] RtosManager:558 - Registered RTOS mode: class=CMSIS, group=RTOS, mode=CMSIS_V1, owner=FREERTOS
2026-03-03 15:56:29,859 [INFO] RtosManager:558 - Registered RTOS mode: class=CMSIS, group=RTOS2, mode=CMSIS_V2, owner=FREERTOS
2026-03-03 15:56:29,859 [INFO] RtosManager:558 - Registered RTOS mode: class=RTOS, group=Core, mode=CMSIS_V1, owner=FREERTOS
2026-03-03 15:56:29,859 [INFO] RtosManager:558 - Registered RTOS mode: class=RTOS, group=Core, mode=CMSIS_V2, owner=FREERTOS
2026-03-03 15:56:29,859 [WARN] ModelIntegratedComponent:184 - Missing modes for component STMicroelectronics:FreeRTOS:0.0.1:STMicroelectronics:RTOS:FreeRTOS:Core:::10.2.0:
2026-03-03 15:56:29,871 [WARN] ModelIntegratedComponent:63 - No mode defined for component null
2026-03-03 15:56:29,871 [WARN] ModelIntegratedComponent:63 - No mode defined for component null
2026-03-03 15:56:29,871 [WARN] ModelIntegratedComponent:63 - No mode defined for component null
2026-03-03 15:56:29,871 [WARN] ModelIntegratedComponent:63 - No mode defined for component null
2026-03-03 15:56:29,871 [WARN] ModelIntegratedComponent:63 - No mode defined for component null
2026-03-03 15:56:29,871 [WARN] ModelIntegratedComponent:63 - No mode defined for component null
2026-03-03 15:56:29,871 [WARN] ModelIntegratedComponent:63 - No mode defined for component null
2026-03-03 15:56:29,873 [WARN] ModelIntegratedComponent:63 - No mode defined for component null
2026-03-03 15:56:29,873 [WARN] ModelIntegratedComponent:63 - No mode defined for component null
2026-03-03 15:56:29,873 [WARN] ModelIntegratedComponent:63 - No mode defined for component null
2026-03-03 15:56:29,873 [WARN] ModelIntegratedComponent:63 - No mode defined for component null
2026-03-03 15:56:29,874 [WARN] ModelIntegratedComponent:63 - No mode defined for component null
2026-03-03 15:56:29,874 [WARN] ModelIntegratedComponent:63 - No mode defined for component null
2026-03-03 15:56:29,874 [WARN] ModelIntegratedComponent:63 - No mode defined for component null
2026-03-03 15:56:29,874 [WARN] ModelIntegratedComponent:63 - No mode defined for component null
2026-03-03 15:56:29,874 [WARN] ModelIntegratedComponent:63 - No mode defined for component null
2026-03-03 15:56:29,874 [WARN] ModelIntegratedComponent:63 - No mode defined for component null
2026-03-03 15:56:29,874 [WARN] ModelIntegratedComponent:63 - No mode defined for component null
2026-03-03 15:56:29,875 [WARN] ModelIntegratedComponent:63 - No mode defined for component null
2026-03-03 15:56:29,875 [WARN] ModelIntegratedComponent:63 - No mode defined for component null
2026-03-03 15:56:29,875 [WARN] ModelIntegratedComponent:63 - No mode defined for component null
2026-03-03 15:56:29,875 [WARN] ModelIntegratedComponent:63 - No mode defined for component null
2026-03-03 15:56:29,875 [WARN] ModelIntegratedComponent:63 - No mode defined for component null
2026-03-03 15:56:29,875 [WARN] ModelIntegratedComponent:63 - No mode defined for component null
2026-03-03 15:56:29,875 [WARN] ModelIntegratedComponent:63 - No mode defined for component null
2026-03-03 15:56:29,875 [WARN] ModelIntegratedComponent:63 - No mode defined for component null
2026-03-03 15:56:29,875 [WARN] ModelIntegratedComponent:63 - No mode defined for component null
2026-03-03 15:56:29,876 [WARN] ModelIntegratedComponent:63 - No mode defined for component null
2026-03-03 15:56:29,876 [WARN] ModelIntegratedComponent:63 - No mode defined for component null
2026-03-03 15:56:29,876 [WARN] ModelIntegratedComponent:63 - No mode defined for component null
2026-03-03 15:56:29,876 [WARN] ModelIntegratedComponent:63 - No mode defined for component null
2026-03-03 15:56:29,876 [WARN] ModelIntegratedComponent:63 - No mode defined for component null
2026-03-03 15:56:29,876 [WARN] ModelIntegratedComponent:63 - No mode defined for component null
2026-03-03 15:56:29,876 [WARN] ModelIntegratedComponent:63 - No mode defined for component null
2026-03-03 15:56:29,876 [WARN] ModelIntegratedComponent:63 - No mode defined for component null
2026-03-03 15:56:29,876 [WARN] ModelPack:524 - Component already loaded: STMicroelectronics:HAL Drivers:0.0.0:STMicroelectronics:Device:STMicro_Driver:XSPI:HAL::0.0.1:HAL_XSPI
2026-03-03 15:56:29,905 [INFO] ThirdPartyModel:298 - Start build external matchings
2026-03-03 15:56:30,481 [INFO] ThirdPartyModel:316 - End build external matchings
2026-03-03 15:56:30,498 [INFO] ImportTextPane:234 - (OptionalMessage_ERROR) IP (RCC) : Parameter (RTCHSEDivFreq_Value) has invalid value (4000000)
2026-03-03 15:56:30,811 [INFO] UtilMem:75 - End LoadConfig() Used Memory: 931999120 Bytes (1073741824)
2026-03-03 15:56:30,890 [WARN] ThirdParty:833 - waiting for thirdparty lock release [change project]
2026-03-03 15:56:30,891 [INFO] ThirdParty:835 - entering critical section [change project]
2026-03-03 15:56:30,891 [INFO] ThirdParty:1030 - CMSIS Pack Vendor :STMicroelectronics X-CUBE-PM33A1 1.0.0
2026-03-03 15:56:30,891 [INFO] ThirdParty:1030 - CMSIS Pack Vendor :STMicroelectronics USBPD 4.1
2026-03-03 15:56:30,891 [INFO] ThirdParty:1030 - CMSIS Pack Vendor :STMicroelectronics X-CUBE-NFC9 1.0.0
2026-03-03 15:56:30,891 [INFO] ThirdParty:1030 - CMSIS Pack Vendor :STMicroelectronics USB_HOST 2.0.0
2026-03-03 15:56:30,892 [INFO] ThirdParty:1030 - CMSIS Pack Vendor :STMicroelectronics X-CUBE-AZRTOS-F4 1.1.0
2026-03-03 15:56:30,892 [INFO] ThirdParty:1030 - CMSIS Pack Vendor :STMicroelectronics LIBJPEG 8.0.0
2026-03-03 15:56:30,892 [INFO] ThirdParty:1030 - CMSIS Pack Vendor :STMicroelectronics FP-ATR-ASTRA1 2.0.2
2026-03-03 15:56:30,892 [INFO] ThirdParty:1030 - CMSIS Pack Vendor :STMicroelectronics X-CUBE-BLE1 7.1.0
2026-03-03 15:56:30,892 [INFO] ThirdParty:1030 - CMSIS Pack Vendor :STMicroelectronics X-CUBE-SMBUS 2.1.0
2026-03-03 15:56:30,892 [INFO] ThirdParty:1030 - CMSIS Pack Vendor :wolfSSL I-CUBE-wolfMQTT 1.19.2
2026-03-03 15:56:30,892 [INFO] ThirdParty:1030 - CMSIS Pack Vendor :STMicroelectronics USB_DEVICE 3.0.0
2026-03-03 15:56:30,892 [INFO] ThirdParty:1030 - CMSIS Pack Vendor :STMicroelectronics X-CUBE-ISPU 2.1.0
2026-03-03 15:56:30,893 [INFO] ThirdParty:1030 - CMSIS Pack Vendor :STMicroelectronics X-CUBE-FREERTOS 1.4.0
2026-03-03 15:56:30,893 [INFO] ThirdParty:1030 - CMSIS Pack Vendor :STMicroelectronics X-CUBE-EEPRMA1 5.2.0
2026-03-03 15:56:30,893 [INFO] ThirdParty:1030 - CMSIS Pack Vendor :STMicroelectronics X-CUBE-IPS 3.2.0
2026-03-03 15:56:30,893 [INFO] ThirdParty:1030 - CMSIS Pack Vendor :STMicroelectronics X-CUBE-BLEMGR 4.1.0
2026-03-03 15:56:30,893 [INFO] ThirdParty:1030 - CMSIS Pack Vendor :STMicroelectronics X-CUBE-AZRTOS-WB 2.0.0
2026-03-03 15:56:30,894 [INFO] ThirdParty:1030 - CMSIS Pack Vendor :wolfSSL I-CUBE-wolfSSL 5.8.4
2026-03-03 15:56:30,894 [INFO] ThirdParty:1030 - CMSIS Pack Vendor :Cesanta I-CUBE-Mongoose 7.20.0
2026-03-03 15:56:30,894 [INFO] ThirdParty:1030 - CMSIS Pack Vendor :STMicroelectronics X-CUBE-NFC12 1.0.0
2026-03-03 15:56:30,894 [INFO] ThirdParty:1030 - CMSIS Pack Vendor :STMicroelectronics X-CUBE-AZRTOS-F7 1.1.0
2026-03-03 15:56:30,894 [INFO] ThirdParty:1030 - CMSIS Pack Vendor :STMicroelectronics X-CUBE-AZRTOS-L5 2.0.0
2026-03-03 15:56:30,894 [INFO] ThirdParty:1030 - CMSIS Pack Vendor :STMicroelectronics USB_DEVICE 2.0.0
2026-03-03 15:56:30,894 [INFO] ThirdParty:1030 - CMSIS Pack Vendor :quantropi X-CUBE-qispace-sdk-base 2.1.0
2026-03-03 15:56:30,895 [INFO] ThirdParty:1030 - CMSIS Pack Vendor :STMicroelectronics X-CUBE-MEMS1 12.0.0
2026-03-03 15:56:30,895 [INFO] ThirdParty:1030 - CMSIS Pack Vendor :STMicroelectronics X-CUBE-STSE01 2.0.0
2026-03-03 15:56:30,895 [INFO] ThirdParty:1030 - CMSIS Pack Vendor :STMicroelectronics FP-SNS-MOTENV1 5.1.0
2026-03-03 15:56:30,895 [INFO] ThirdParty:1030 - CMSIS Pack Vendor :STMicroelectronics FreeRTOS 0.0.1
2026-03-03 15:56:30,895 [INFO] ThirdParty:1030 - CMSIS Pack Vendor :STMicroelectronics X-CUBE-AZRTOS-G0 1.1.0
2026-03-03 15:56:30,895 [INFO] ThirdParty:1030 - CMSIS Pack Vendor :STMicroelectronics X-CUBE-NFC4 3.0.0
2026-03-03 15:56:30,895 [INFO] ThirdParty:1030 - CMSIS Pack Vendor :STMicroelectronics X-CUBE-SUBG2 5.0.0
2026-03-03 15:56:30,896 [INFO] ThirdParty:1030 - CMSIS Pack Vendor :STMicroelectronics STM32_WPAN 1.0.0
2026-03-03 15:56:30,896 [INFO] ThirdParty:1030 - CMSIS Pack Vendor :EmbeddedOffice I-CUBE-FS-RTOS 1.0.1
2026-03-03 15:56:30,896 [INFO] ThirdParty:1030 - CMSIS Pack Vendor :STMicroelectronics lwIP 2.0.3
2026-03-03 15:56:30,896 [INFO] ThirdParty:1030 - CMSIS Pack Vendor :WES I-CUBE-Cesium 1.4.0
2026-03-03 15:56:30,896 [INFO] ThirdParty:1030 - CMSIS Pack Vendor :STMicroelectronics USB_HOST 1.0.0
2026-03-03 15:56:30,896 [INFO] ThirdParty:1030 - CMSIS Pack Vendor :STMicroelectronics X-CUBE-AZRTOS-G4 2.0.0
2026-03-03 15:56:30,896 [INFO] ThirdParty:1030 - CMSIS Pack Vendor :STMicroelectronics X-CUBE-WB05N 2.0.0
2026-03-03 15:56:30,896 [INFO] ThirdParty:1030 - CMSIS Pack Vendor :STMicroelectronics PDM2PCM 3.1.0
2026-03-03 15:56:30,897 [INFO] ThirdParty:1030 - CMSIS Pack Vendor :STMicroelectronics PDM2PCM 3.3.0
2026-03-03 15:56:30,897 [INFO] ThirdParty:1030 - CMSIS Pack Vendor :wolfSSL I-CUBE-wolfTPM 3.8.0
2026-03-03 15:56:30,897 [INFO] ThirdParty:1030 - CMSIS Pack Vendor :STMicroelectronics X-CUBE-AZRTOS-H7 3.4.0
2026-03-03 15:56:30,897 [INFO] ThirdParty:1030 - CMSIS Pack Vendor :STMicroelectronics X-CUBE-DISPLAY 3.0.0
2026-03-03 15:56:30,897 [INFO] ThirdParty:1030 - CMSIS Pack Vendor :wolfSSL I-CUBE-wolfSSH 1.4.20
2026-03-03 15:56:30,897 [INFO] ThirdParty:1030 - CMSIS Pack Vendor :STMicroelectronics X-CUBE-NFC7 2.0.0
2026-03-03 15:56:30,897 [INFO] ThirdParty:1030 - CMSIS Pack Vendor :STMicroelectronics FP-SNS-MOTENVWB1 1.5.0
2026-03-03 15:56:30,897 [INFO] ThirdParty:1030 - CMSIS Pack Vendor :STMicroelectronics X-CUBE-TCPP 4.2.0
2026-03-03 15:56:30,898 [INFO] ThirdParty:1030 - CMSIS Pack Vendor :RealThread X-CUBE-RT-Thread_Nano 4.1.1
2026-03-03 15:56:30,898 [INFO] ThirdParty:1030 - CMSIS Pack Vendor :STMicroelectronics FP-ATR-SIGFOX1 3.2.0
2026-03-03 15:56:30,898 [INFO] ThirdParty:1030 - CMSIS Pack Vendor :STMicroelectronics X-CUBE-NFC10 1.0.0
2026-03-03 15:56:30,898 [INFO] ThirdParty:1030 - CMSIS Pack Vendor :STMicroelectronics HAL Drivers 0.0.0
2026-03-03 15:56:30,898 [INFO] ThirdParty:1030 - CMSIS Pack Vendor :STMicroelectronics MBEDTLS 2.16.2
2026-03-03 15:56:30,898 [INFO] ThirdParty:1030 - CMSIS Pack Vendor :STMicroelectronics X-CUBE-ST60 1.1.0
2026-03-03 15:56:30,898 [INFO] ThirdParty:1030 - CMSIS Pack Vendor :STMicroelectronics X-CUBE-ALS 1.0.2
2026-03-03 15:56:30,898 [INFO] ThirdParty:1030 - CMSIS Pack Vendor :emotas I-CUBE-CANOPEN 1.3.0
2026-03-03 15:56:30,899 [INFO] ThirdParty:1030 - CMSIS Pack Vendor :STMicroelectronics MBEDTLS 2.14.1
2026-03-03 15:56:30,899 [INFO] ThirdParty:1030 - CMSIS Pack Vendor :STMicroelectronics X-CUBE-GNSS1 7.1.0
2026-03-03 15:56:30,899 [INFO] ThirdParty:1030 - CMSIS Pack Vendor :ITTIA_DB I-CUBE-ITTIADB 8.9.0
2026-03-03 15:56:30,899 [INFO] ThirdParty:1030 - CMSIS Pack Vendor :STMicroelectronics X-CUBE-TOUCHGFX 4.26.0
2026-03-03 15:56:30,899 [INFO] ThirdParty:1030 - CMSIS Pack Vendor :STMicroelectronics X-CUBE-NFC6 3.2.0
2026-03-03 15:56:30,900 [INFO] ThirdParty:1030 - CMSIS Pack Vendor :STMicroelectronics FP-SNS-STBOX1 2.1.0
2026-03-03 15:56:30,900 [INFO] ThirdParty:1030 - CMSIS Pack Vendor :STMicroelectronics X-CUBE-AI 10.2.0
2026-03-03 15:56:30,900 [INFO] ThirdParty:1030 - CMSIS Pack Vendor :STMicroelectronics FP-SNS-STAIOTCFT 1.0.0
2026-03-03 15:56:30,900 [INFO] ThirdParty:1030 - CMSIS Pack Vendor :STMicroelectronics ThreadX 1.0.0
2026-03-03 15:56:30,900 [INFO] ThirdParty:1030 - CMSIS Pack Vendor :STMicroelectronics FP-SNS-SMARTAG2 1.2.0
2026-03-03 15:56:30,901 [INFO] ThirdParty:1030 - CMSIS Pack Vendor :STMicroelectronics FP-SNS-FLIGHT1 5.1.0
2026-03-03 15:56:30,901 [INFO] ThirdParty:1030 - CMSIS Pack Vendor :STMicroelectronics X-CUBE-AZRTOS-WL 2.0.0
2026-03-03 15:56:30,901 [INFO] ThirdParty:1030 - CMSIS Pack Vendor :SEGGER I-CUBE-embOS 1.3.1
2026-03-03 15:56:30,901 [INFO] ThirdParty:1030 - CMSIS Pack Vendor :STMicroelectronics X-CUBE-ALGOBUILD 1.4.0
2026-03-03 15:56:30,901 [INFO] ThirdParty:1030 - CMSIS Pack Vendor :STMicroelectronics X-CUBE-DPower 1.3.0
2026-03-03 15:56:30,901 [INFO] ThirdParty:1030 - CMSIS Pack Vendor :STMicroelectronics USB_DEVICE 1.0.0
2026-03-03 15:56:30,901 [INFO] ThirdParty:1030 - CMSIS Pack Vendor :STMicroelectronics X-CUBE-AZRTOS-H7RS 1.2.0
2026-03-03 15:56:30,901 [INFO] ThirdParty:1030 - CMSIS Pack Vendor :STMicroelectronics X-CUBE-AZRTOS-L4 2.0.0
2026-03-03 15:56:30,901 [INFO] ThirdParty:1030 - CMSIS Pack Vendor :STMicroelectronics ThreadX 0.0.2
2026-03-03 15:56:30,902 [INFO] ThirdParty:1030 - CMSIS Pack Vendor :STMicroelectronics lwIP 2.1.2
2026-03-03 15:56:30,902 [INFO] ThirdParty:1030 - CMSIS Pack Vendor :STMicroelectronics X-CUBE-SFXS2LP1 4.0.0
2026-03-03 15:56:30,902 [INFO] ThirdParty:1030 - CMSIS Pack Vendor :STMicroelectronics X-CUBE-BLE2 3.3.0
2026-03-03 15:56:30,902 [INFO] ThirdParty:1030 - CMSIS Pack Vendor :Avnet-IOTCONNECT X-CUBE-iotc-st67-sdk 1.0.0
2026-03-03 15:56:30,902 [INFO] ThirdParty:1030 - CMSIS Pack Vendor :STMicroelectronics X-CUBE-TOF1 3.4.3
2026-03-03 15:56:30,902 [INFO] ThirdParty:1030 - CMSIS Pack Vendor :Infineon AIROC-Wi-Fi-Bluetooth-STM32 1.8.0
2026-03-03 15:56:30,902 [INFO] ThirdParty:1030 - CMSIS Pack Vendor :STMicroelectronics PDM2PCM 3.2.0
2026-03-03 15:56:30,902 [INFO] ThirdParty:1030 - CMSIS Pack Vendor :STMicroelectronics X-CUBE-ST67W61 1.2.0
2026-03-03 15:56:30,903 [INFO] ThirdParty:841 - exiting critical section [change project]
2026-03-03 15:56:31,318 [INFO] PinOutPanel:1589 - setPackage(No Configuration,No Configuration)
2026-03-03 15:56:31,320 [INFO] PinOutPanel:1589 - setPackage(STM32F401RETx,LQFP64)
2026-03-03 15:56:32,129 [INFO] UtilMem:75 - Before build in PCC Used Memory: 780628272 Bytes (1073741824)
2026-03-03 15:56:32,587 [INFO] UtilMem:75 - After build in PCC Used Memory: 826765616 Bytes (1073741824)
2026-03-03 15:56:32,618 [INFO] IPUIPlugin:80 - create IPUIPlugin
2026-03-03 15:56:32,619 [INFO] IPUIPlugin:80 - create IPUIPlugin
2026-03-03 15:56:32,619 [INFO] IPUIPlugin:80 - create IPUIPlugin
2026-03-03 15:56:32,619 [INFO] IPUIPlugin:80 - create IPUIPlugin
2026-03-03 15:56:32,619 [INFO] IPUIPlugin:80 - create IPUIPlugin
2026-03-03 15:56:32,620 [INFO] IPUIPlugin:80 - create IPUIPlugin
2026-03-03 15:56:32,620 [INFO] IPUIPlugin:80 - create IPUIPlugin
2026-03-03 15:56:32,620 [INFO] IPUIPlugin:80 - create IPUIPlugin
2026-03-03 15:56:32,620 [INFO] IPUIPlugin:80 - create IPUIPlugin
2026-03-03 15:56:32,621 [INFO] IPUIPlugin:80 - create IPUIPlugin
2026-03-03 15:56:32,621 [INFO] IPUIPlugin:80 - create IPUIPlugin
2026-03-03 15:56:32,621 [INFO] IPUIPlugin:80 - create IPUIPlugin
2026-03-03 15:56:32,622 [INFO] IPUIPlugin:80 - create IPUIPlugin
2026-03-03 15:56:32,622 [INFO] IPUIPlugin:80 - create IPUIPlugin
2026-03-03 15:56:32,622 [INFO] IPUIPlugin:80 - create IPUIPlugin
2026-03-03 15:56:32,623 [INFO] IPUIPlugin:80 - create IPUIPlugin
2026-03-03 15:56:32,623 [INFO] IPUIPlugin:80 - create IPUIPlugin
2026-03-03 15:56:32,623 [INFO] IPUIPlugin:80 - create IPUIPlugin
2026-03-03 15:56:32,624 [INFO] IPUIPlugin:80 - create IPUIPlugin
2026-03-03 15:56:32,624 [INFO] IPUIPlugin:80 - create IPUIPlugin
2026-03-03 15:56:32,625 [INFO] IPUIPlugin:80 - create IPUIPlugin
2026-03-03 15:56:32,625 [INFO] IPUIPlugin:80 - create IPUIPlugin
2026-03-03 15:56:32,625 [INFO] IPUIPlugin:80 - create IPUIPlugin
2026-03-03 15:56:32,625 [INFO] IPUIPlugin:80 - create IPUIPlugin
2026-03-03 15:56:32,625 [INFO] IPUIPlugin:80 - create IPUIPlugin
2026-03-03 15:56:32,627 [INFO] IPUIPlugin:80 - create IPUIPlugin
2026-03-03 15:56:32,627 [INFO] IPUIPlugin:80 - create IPUIPlugin
2026-03-03 15:56:32,627 [INFO] IPUIPlugin:80 - create IPUIPlugin
2026-03-03 15:56:32,628 [INFO] IPUIPlugin:80 - create IPUIPlugin
2026-03-03 15:56:32,628 [INFO] IPUIPlugin:80 - create IPUIPlugin
2026-03-03 15:56:32,628 [INFO] IPUIPlugin:80 - create IPUIPlugin
2026-03-03 15:56:32,628 [INFO] IPUIPlugin:80 - create IPUIPlugin
2026-03-03 15:56:32,629 [INFO] IPUIPlugin:80 - create IPUIPlugin
2026-03-03 15:56:32,629 [INFO] IPUIPlugin:80 - create IPUIPlugin
2026-03-03 15:56:32,629 [INFO] IPUIPlugin:80 - create IPUIPlugin
2026-03-03 15:56:32,630 [INFO] IPUIPlugin:80 - create IPUIPlugin
2026-03-03 15:56:32,630 [INFO] IPUIPlugin:80 - create IPUIPlugin
2026-03-03 15:56:32,630 [INFO] IPUIPlugin:80 - create IPUIPlugin
2026-03-03 15:56:32,637 [INFO] ApiDbMcu:532 - Load IP Config File for PDM2PCM
2026-03-03 15:56:32,712 [INFO] CADModel:165 - CPN selected for project levelSTM32F401RET6
2026-03-03 15:56:32,712 [INFO] CADModel:114 - Register for checkConnection events
2026-03-03 15:56:32,793 [INFO] OpenFileManager:386 - Restore cursor
2026-03-03 16:24:00,985 [INFO] WebApp:403 - JxBrowser engine has been closed 
