13:34:40 **** Incremental Build of configuration Debug for project OLED ****
make -j12 all 
arm-none-eabi-gcc "../Core/Src/ili9341.c" -mcpu=cortex-m4 -std=gnu11 -g3 -DDEBUG -DUSE_HAL_DRIVER -DSTM32F401xE -c -I../Core/Inc -I../Drivers/STM32F4xx_HAL_Driver/Inc -I../Drivers/STM32F4xx_HAL_Driver/Inc/Legacy -I../Drivers/CMSIS/Device/ST/STM32F4xx/Include -I../Drivers/CMSIS/Include -O0 -ffunction-sections -fdata-sections -Wall -fstack-usage -fcyclomatic-complexity -MMD -MP -MF"Core/Src/ili9341.d" -MT"Core/Src/ili9341.o" --specs=nano.specs -mfpu=fpv4-sp-d16 -mfloat-abi=hard -mthumb -o "Core/Src/ili9341.o"
arm-none-eabi-gcc "../Core/Src/ili9341_gfx.c" -mcpu=cortex-m4 -std=gnu11 -g3 -DDEBUG -DUSE_HAL_DRIVER -DSTM32F401xE -c -I../Core/Inc -I../Drivers/STM32F4xx_HAL_Driver/Inc -I../Drivers/STM32F4xx_HAL_Driver/Inc/Legacy -I../Drivers/CMSIS/Device/ST/STM32F4xx/Include -I../Drivers/CMSIS/Include -O0 -ffunction-sections -fdata-sections -Wall -fstack-usage -fcyclomatic-complexity -MMD -MP -MF"Core/Src/ili9341_gfx.d" -MT"Core/Src/ili9341_gfx.o" --specs=nano.specs -mfpu=fpv4-sp-d16 -mfloat-abi=hard -mthumb -o "Core/Src/ili9341_gfx.o"
arm-none-eabi-gcc "../Core/Src/main.c" -mcpu=cortex-m4 -std=gnu11 -g3 -DDEBUG -DUSE_HAL_DRIVER -DSTM32F401xE -c -I../Core/Inc -I../Drivers/STM32F4xx_HAL_Driver/Inc -I../Drivers/STM32F4xx_HAL_Driver/Inc/Legacy -I../Drivers/CMSIS/Device/ST/STM32F4xx/Include -I../Drivers/CMSIS/Include -O0 -ffunction-sections -fdata-sections -Wall -fstack-usage -fcyclomatic-complexity -MMD -MP -MF"Core/Src/main.d" -MT"Core/Src/main.o" --specs=nano.specs -mfpu=fpv4-sp-d16 -mfloat-abi=hard -mthumb -o "Core/Src/main.o"
In file included from ../Core/Src/ili9341.c:14:
../Core/Inc/ili9341.h:80:5: error: unknown type name 'uint16_t'
   80 |     uint16_t x;
      |     ^~~~~~~~
../Core/Inc/ili9341.h:81:5: error: unknown type name 'uint16_t'
   81 |     uint16_t width;
      |     ^~~~~~~~
../Core/Inc/ili9341.h:85:5: error: unknown type name 'uint16_t'
   85 |     uint16_t y;
      |     ^~~~~~~~
../Core/Inc/ili9341.h:86:5: error: unknown type name 'uint16_t'
   86 |     uint16_t height;
      |     ^~~~~~~~
../Core/Inc/ili9341.h:149:3: error: unknown type name 'int32_t'
  149 |   int32_t delta_x;
      |   ^~~~~~~
../Core/Inc/ili9341.h:150:3: error: unknown type name 'int32_t'
  150 |   int32_t delta_y;
      |   ^~~~~~~
../Core/Inc/ili9341.h:167:55: error: unknown type name 'uint16_t'
  167 | typedef void (*ili9341_touch_callback_t)(ili9341_t *, uint16_t, uint16_t);
      |                                                       ^~~~~~~~
../Core/Inc/ili9341.h:1:1: note: 'uint16_t' is defined in header '<stdint.h>'; did you forget to '#include <stdint.h>'?
  +++ |+#include <stdint.h>
    1 | /*
../Core/Inc/ili9341.h:167:65: error: unknown type name 'uint16_t'
  167 | typedef void (*ili9341_touch_callback_t)(ili9341_t *, uint16_t, uint16_t);
      |                                                                 ^~~~~~~~
../Core/Inc/ili9341.h:167:65: note: 'uint16_t' is defined in header '<stdint.h>'; did you forget to '#include <stdint.h>'?
../Core/Inc/ili9341.h:169:9: error: unknown type name 'HAL_StatusTypeDef'
  169 | typedef HAL_StatusTypeDef ili9341_status_t;
      |         ^~~~~~~~~~~~~~~~~
../Core/Inc/ili9341.h:173:3: error: unknown type name 'SPI_HandleTypeDef'
  173 |   SPI_HandleTypeDef *spi_hal;
      |   ^~~~~~~~~~~~~~~~~
../Core/Inc/ili9341.h:175:3: error: unknown type name 'GPIO_TypeDef'
  175 |   GPIO_TypeDef *reset_port;
      |   ^~~~~~~~~~~~
../Core/Inc/ili9341.h:176:3: error: unknown type name 'uint16_t'
  176 |   uint16_t      reset_pin;
      |   ^~~~~~~~
../Core/Inc/ili9341.h:177:3: error: unknown type name 'GPIO_TypeDef'
  177 |   GPIO_TypeDef *tft_select_port;
      |   ^~~~~~~~~~~~
../Core/Inc/ili9341.h:178:3: error: unknown type name 'uint16_t'
  178 |   uint16_t      tft_select_pin;
      |   ^~~~~~~~
../Core/Inc/ili9341.h:179:3: error: unknown type name 'GPIO_TypeDef'
  179 |   GPIO_TypeDef *data_command_port;
      |   ^~~~~~~~~~~~
../Core/Inc/ili9341.h:180:3: error: unknown type name 'uint16_t'
  180 |   uint16_t      data_command_pin;
      |   ^~~~~~~~
../Core/Inc/ili9341.h:185:3: error: unknown type name 'GPIO_TypeDef'
  185 |   GPIO_TypeDef *touch_select_port;
      |   ^~~~~~~~~~~~
../Core/Inc/ili9341.h:186:3: error: unknown type name 'uint16_t'
  186 |   uint16_t      touch_select_pin;
      |   ^~~~~~~~
../Core/Inc/ili9341.h:187:3: error: unknown type name 'GPIO_TypeDef'
  187 |   GPIO_TypeDef *touch_irq_port;
      |   ^~~~~~~~~~~~
../Core/Inc/ili9341.h:188:3: error: unknown type name 'uint16_t'
  188 |   uint16_t      touch_irq_pin;
      |   ^~~~~~~~
../Core/Inc/ili9341.h:198:3: error: unknown type name 'ili9341_touch_callback_t'
  198 |   ili9341_touch_callback_t touch_pressed_begin;
      |   ^~~~~~~~~~~~~~~~~~~~~~~~
../Core/Inc/ili9341.h:199:3: error: unknown type name 'ili9341_touch_callback_t'
  199 |   ili9341_touch_callback_t touch_pressed_end;
      |   ^~~~~~~~~~~~~~~~~~~~~~~~
../Core/Inc/ili9341.h:210:5: error: unknown type name 'SPI_HandleTypeDef'
  210 |     SPI_HandleTypeDef *spi_hal,
      |     ^~~~~~~~~~~~~~~~~
../Core/Inc/ili9341.h:212:5: error: unknown type name 'GPIO_TypeDef'
  212 |     GPIO_TypeDef *reset_port,        uint16_t reset_pin,
      |     ^~~~~~~~~~~~
../Core/Inc/ili9341.h:212:38: error: unknown type name 'uint16_t'
  212 |     GPIO_TypeDef *reset_port,        uint16_t reset_pin,
      |                                      ^~~~~~~~
../Core/Inc/ili9341.h:212:38: note: 'uint16_t' is defined in header '<stdint.h>'; did you forget to '#include <stdint.h>'?
../Core/Inc/ili9341.h:213:5: error: unknown type name 'GPIO_TypeDef'
  213 |     GPIO_TypeDef *tft_select_port,   uint16_t tft_select_pin,
      |     ^~~~~~~~~~~~
../Core/Inc/ili9341.h:213:38: error: unknown type name 'uint16_t'
  213 |     GPIO_TypeDef *tft_select_port,   uint16_t tft_select_pin,
      |                                      ^~~~~~~~
../Core/Inc/ili9341.h:213:38: note: 'uint16_t' is defined in header '<stdint.h>'; did you forget to '#include <stdint.h>'?
../Core/Inc/ili9341.h:214:5: error: unknown type name 'GPIO_TypeDef'
  214 |     GPIO_TypeDef *data_command_port, uint16_t data_command_pin,
      |     ^~~~~~~~~~~~
../Core/Inc/ili9341.h:214:38: error: unknown type name 'uint16_t'
  214 |     GPIO_TypeDef *data_command_port, uint16_t data_command_pin,
      |                                      ^~~~~~~~
../Core/Inc/ili9341.h:214:38: note: 'uint16_t' is defined in header '<stdint.h>'; did you forget to '#include <stdint.h>'?
../Core/Inc/ili9341.h:218:5: error: unknown type name 'GPIO_TypeDef'
  218 |     GPIO_TypeDef *touch_select_port, uint16_t touch_select_pin,
      |     ^~~~~~~~~~~~
../Core/Inc/ili9341.h:218:38: error: unknown type name 'uint16_t'
  218 |     GPIO_TypeDef *touch_select_port, uint16_t touch_select_pin,
      |                                      ^~~~~~~~
../Core/Inc/ili9341.h:218:38: note: 'uint16_t' is defined in header '<stdint.h>'; did you forget to '#include <stdint.h>'?
../Core/Inc/ili9341.h:219:5: error: unknown type name 'GPIO_TypeDef'
  219 |     GPIO_TypeDef *touch_irq_port,    uint16_t touch_irq_pin,
      |     ^~~~~~~~~~~~
../Core/Inc/ili9341.h:219:38: error: unknown type name 'uint16_t'
  219 |     GPIO_TypeDef *touch_irq_port,    uint16_t touch_irq_pin,
      |                                      ^~~~~~~~
../Core/Inc/ili9341.h:219:38: note: 'uint16_t' is defined in header '<stdint.h>'; did you forget to '#include <stdint.h>'?
../Core/Inc/ili9341.h:228:5: error: unknown type name 'ili9341_touch_callback_t'; did you mean 'ili9341_touch_calibration_t'?
  228 |     ili9341_touch_callback_t callback);
      |     ^~~~~~~~~~~~~~~~~~~~~~~~
      |     ili9341_touch_calibration_t
../Core/Inc/ili9341.h:230:5: error: unknown type name 'ili9341_touch_callback_t'; did you mean 'ili9341_touch_calibration_t'?
  230 |     ili9341_touch_callback_t callback);
      |     ^~~~~~~~~~~~~~~~~~~~~~~~
      |     ili9341_touch_calibration_t
../Core/Inc/ili9341.h:233:5: error: unknown type name 'uint16_t'
  233 |     uint16_t *x_pos, uint16_t *y_pos);
      |     ^~~~~~~~
../Core/Inc/ili9341.h:233:5: note: 'uint16_t' is defined in header '<stdint.h>'; did you forget to '#include <stdint.h>'?
../Core/Inc/ili9341.h:233:22: error: unknown type name 'uint16_t'
  233 |     uint16_t *x_pos, uint16_t *y_pos);
      |                      ^~~~~~~~
../Core/Inc/ili9341.h:233:22: note: 'uint16_t' is defined in header '<stdint.h>'; did you forget to '#include <stdint.h>'?
../Core/Inc/ili9341.h:235:5: error: unknown type name 'uint16_t'
  235 |     uint16_t min_x, uint16_t min_y, uint16_t max_x, uint16_t max_y);
      |     ^~~~~~~~
../Core/Inc/ili9341.h:235:5: note: 'uint16_t' is defined in header '<stdint.h>'; did you forget to '#include <stdint.h>'?
../Core/Inc/ili9341.h:235:21: error: unknown type name 'uint16_t'
  235 |     uint16_t min_x, uint16_t min_y, uint16_t max_x, uint16_t max_y);
      |                     ^~~~~~~~
../Core/Inc/ili9341.h:235:21: note: 'uint16_t' is defined in header '<stdint.h>'; did you forget to '#include <stdint.h>'?
../Core/Inc/ili9341.h:235:37: error: unknown type name 'uint16_t'
  235 |     uint16_t min_x, uint16_t min_y, uint16_t max_x, uint16_t max_y);
      |                                     ^~~~~~~~
../Core/Inc/ili9341.h:235:37: note: 'uint16_t' is defined in header '<stdint.h>'; did you forget to '#include <stdint.h>'?
../Core/Inc/ili9341.h:235:53: error: unknown type name 'uint16_t'
  235 |     uint16_t min_x, uint16_t min_y, uint16_t max_x, uint16_t max_y);
      |                                                     ^~~~~~~~
../Core/Inc/ili9341.h:235:53: note: 'uint16_t' is defined in header '<stdint.h>'; did you forget to '#include <stdint.h>'?
../Core/Inc/ili9341.h:237:5: error: unknown type name 'uint16_t'
  237 |     uint16_t scale_width, uint16_t scale_height,
      |     ^~~~~~~~
../Core/Inc/ili9341.h:237:5: note: 'uint16_t' is defined in header '<stdint.h>'; did you forget to '#include <stdint.h>'?
../Core/Inc/ili9341.h:237:27: error: unknown type name 'uint16_t'
  237 |     uint16_t scale_width, uint16_t scale_height,
      |                           ^~~~~~~~
../Core/Inc/ili9341.h:237:27: note: 'uint16_t' is defined in header '<stdint.h>'; did you forget to '#include <stdint.h>'?
../Core/Inc/ili9341.h:238:5: error: unknown type name 'int32_t'
  238 |     int32_t screen_a_x, int32_t screen_a_y,
      |     ^~~~~~~
../Core/Inc/ili9341.h:238:5: note: 'int32_t' is defined in header '<stdint.h>'; did you forget to '#include <stdint.h>'?
../Core/Inc/ili9341.h:238:25: error: unknown type name 'int32_t'
  238 |     int32_t screen_a_x, int32_t screen_a_y,
      |                         ^~~~~~~
../Core/Inc/ili9341.h:238:25: note: 'int32_t' is defined in header '<stdint.h>'; did you forget to '#include <stdint.h>'?
../Core/Inc/ili9341.h:239:5: error: unknown type name 'int32_t'
  239 |     int32_t screen_b_x, int32_t screen_b_y,
      |     ^~~~~~~
../Core/Inc/ili9341.h:239:5: note: 'int32_t' is defined in header '<stdint.h>'; did you forget to '#include <stdint.h>'?
../Core/Inc/ili9341.h:239:25: error: unknown type name 'int32_t'
  239 |     int32_t screen_b_x, int32_t screen_b_y,
      |                         ^~~~~~~
../Core/Inc/ili9341.h:239:25: note: 'int32_t' is defined in header '<stdint.h>'; did you forget to '#include <stdint.h>'?
../Core/Inc/ili9341.h:240:5: error: unknown type name 'int32_t'
  240 |     int32_t screen_c_x, int32_t screen_c_y,
      |     ^~~~~~~
../Core/Inc/ili9341.h:240:5: note: 'int32_t' is defined in header '<stdint.h>'; did you forget to '#include <stdint.h>'?
../Core/Inc/ili9341.h:240:25: error: unknown type name 'int32_t'
  240 |     int32_t screen_c_x, int32_t screen_c_y,
      |                         ^~~~~~~
../Core/Inc/ili9341.h:240:25: note: 'int32_t' is defined in header '<stdint.h>'; did you forget to '#include <stdint.h>'?
../Core/Inc/ili9341.h:241:5: error: unknown type name 'int32_t'
  241 |     int32_t touch_a_x,  int32_t touch_a_y,
      |     ^~~~~~~
../Core/Inc/ili9341.h:241:5: note: 'int32_t' is defined in header '<stdint.h>'; did you forget to '#include <stdint.h>'?
../Core/Inc/ili9341.h:241:25: error: unknown type name 'int32_t'
  241 |     int32_t touch_a_x,  int32_t touch_a_y,
      |                         ^~~~~~~
../Core/Inc/ili9341.h:241:25: note: 'int32_t' is defined in header '<stdint.h>'; did you forget to '#include <stdint.h>'?
../Core/Inc/ili9341.h:242:5: error: unknown type name 'int32_t'
  242 |     int32_t touch_b_x,  int32_t touch_b_y,
      |     ^~~~~~~
../Core/Inc/ili9341.h:242:5: note: 'int32_t' is defined in header '<stdint.h>'; did you forget to '#include <stdint.h>'?
../Core/Inc/ili9341.h:242:25: error: unknown type name 'int32_t'
  242 |     int32_t touch_b_x,  int32_t touch_b_y,
      |                         ^~~~~~~
../Core/Inc/ili9341.h:242:25: note: 'int32_t' is defined in header '<stdint.h>'; did you forget to '#include <stdint.h>'?
../Core/Inc/ili9341.h:243:5: error: unknown type name 'int32_t'
  243 |     int32_t touch_c_x,  int32_t touch_c_y);
      |     ^~~~~~~
../Core/Inc/ili9341.h:243:5: note: 'int32_t' is defined in header '<stdint.h>'; did you forget to '#include <stdint.h>'?
../Core/Inc/ili9341.h:243:25: error: unknown type name 'int32_t'
  243 |     int32_t touch_c_x,  int32_t touch_c_y);
      |                         ^~~~~~~
../Core/Inc/ili9341.h:243:25: note: 'int32_t' is defined in header '<stdint.h>'; did you forget to '#include <stdint.h>'?
../Core/Inc/ili9341.h:255:36: error: unknown type name 'uint8_t'
  255 |     ili9341_spi_slave_t spi_slave, uint8_t command);
      |                                    ^~~~~~~
../Core/Inc/ili9341.h:255:36: note: 'uint8_t' is defined in header '<stdint.h>'; did you forget to '#include <stdint.h>'?
../Core/Inc/ili9341.h:257:36: error: unknown type name 'uint16_t'
  257 |     ili9341_spi_slave_t spi_slave, uint16_t data_sz, uint8_t data[]);
      |                                    ^~~~~~~~
../Core/Inc/ili9341.h:257:36: note: 'uint16_t' is defined in header '<stdint.h>'; did you forget to '#include <stdint.h>'?
../Core/Inc/ili9341.h:257:54: error: unknown type name 'uint8_t'
  257 |     ili9341_spi_slave_t spi_slave, uint16_t data_sz, uint8_t data[]);
      |                                                      ^~~~~~~
../Core/Inc/ili9341.h:257:54: note: 'uint8_t' is defined in header '<stdint.h>'; did you forget to '#include <stdint.h>'?
../Core/Inc/ili9341.h:260:5: error: unknown type name 'uint16_t'
  260 |     uint16_t data_sz, uint8_t tx_data[], uint8_t rx_data[]);
      |     ^~~~~~~~
../Core/Inc/ili9341.h:260:5: note: 'uint16_t' is defined in header '<stdint.h>'; did you forget to '#include <stdint.h>'?
../Core/Inc/ili9341.h:260:23: error: unknown type name 'uint8_t'
  260 |     uint16_t data_sz, uint8_t tx_data[], uint8_t rx_data[]);
      |                       ^~~~~~~
../Core/Inc/ili9341.h:260:23: note: 'uint8_t' is defined in header '<stdint.h>'; did you forget to '#include <stdint.h>'?
../Core/Inc/ili9341.h:260:42: error: unknown type name 'uint8_t'
  260 |     uint16_t data_sz, uint8_t tx_data[], uint8_t rx_data[]);
      |                                          ^~~~~~~
../Core/Inc/ili9341.h:260:42: note: 'uint8_t' is defined in header '<stdint.h>'; did you forget to '#include <stdint.h>'?
../Core/Inc/ili9341.h:262:36: error: unknown type name 'uint8_t'
  262 |     ili9341_spi_slave_t spi_slave, uint8_t command, uint16_t data_sz, uint8_t data[]);
      |                                    ^~~~~~~
../Core/Inc/ili9341.h:262:36: note: 'uint8_t' is defined in header '<stdint.h>'; did you forget to '#include <stdint.h>'?
../Core/Inc/ili9341.h:262:53: error: unknown type name 'uint16_t'
  262 |     ili9341_spi_slave_t spi_slave, uint8_t command, uint16_t data_sz, uint8_t data[]);
      |                                                     ^~~~~~~~
../Core/Inc/ili9341.h:262:53: note: 'uint16_t' is defined in header '<stdint.h>'; did you forget to '#include <stdint.h>'?
../Core/Inc/ili9341.h:262:71: error: unknown type name 'uint8_t'
  262 |     ili9341_spi_slave_t spi_slave, uint8_t command, uint16_t data_sz, uint8_t data[]);
      |                                                                       ^~~~~~~
../Core/Inc/ili9341.h:262:71: note: 'uint8_t' is defined in header '<stdint.h>'; did you forget to '#include <stdint.h>'?
../Core/Src/ili9341.c:63:5: error: unknown type name 'SPI_HandleTypeDef'
   63 |     SPI_HandleTypeDef *spi_hal,
      |     ^~~~~~~~~~~~~~~~~
../Core/Src/ili9341.c:65:5: error: unknown type name 'GPIO_TypeDef'
   65 |     GPIO_TypeDef *reset_port,        uint16_t reset_pin,
      |     ^~~~~~~~~~~~
../Core/Src/ili9341.c:66:5: error: unknown type name 'GPIO_TypeDef'
   66 |     GPIO_TypeDef *tft_select_port,   uint16_t tft_select_pin,
      |     ^~~~~~~~~~~~
../Core/Src/ili9341.c:67:5: error: unknown type name 'GPIO_TypeDef'
   67 |     GPIO_TypeDef *data_command_port, uint16_t data_command_pin,
      |     ^~~~~~~~~~~~
../Core/Src/ili9341.c:71:5: error: unknown type name 'GPIO_TypeDef'
   71 |     GPIO_TypeDef *touch_select_port, uint16_t touch_select_pin,
      |     ^~~~~~~~~~~~
../Core/Src/ili9341.c:72:5: error: unknown type name 'GPIO_TypeDef'
   72 |     GPIO_TypeDef *touch_irq_port,    uint16_t touch_irq_pin,
      |     ^~~~~~~~~~~~
../Core/Src/ili9341.c: In function 'ili9341_touch_interrupt':
../Core/Src/ili9341.c:159:7: warning: implicit declaration of function 'ili9341_touch_coordinate'; did you mean 'ili9341_clip_touch_coordinate'? [-Wimplicit-function-declaration]
  159 |       ili9341_touch_coordinate(lcd, &x_pos, &y_pos);
      |       ^~~~~~~~~~~~~~~~~~~~~~~~
      |       ili9341_clip_touch_coordinate
../Core/Src/ili9341.c:169:18: warning: comparison between pointer and integer
  169 |         if (NULL != lcd->touch_pressed_begin) {
      |                  ^~
../Core/Src/ili9341.c:171:11: error: called object is not a function or function pointer
  171 |           lcd->touch_pressed_begin(lcd, x_pos, y_pos);
      |           ^~~
../Core/Src/ili9341.c:179:18: warning: comparison between pointer and integer
  179 |         if (NULL != lcd->touch_pressed_end) {
      |                  ^~
../Core/Src/ili9341.c:182:11: error: called object is not a function or function pointer
  182 |           lcd->touch_pressed_end(lcd,
      |           ^~~
../Core/Src/ili9341.c: In function 'ili9341_touch_pressed':
../Core/Inc/ili9341.h:31:30: error: 'GPIO_PIN_RESET' undeclared (first use in this function)
   31 | #define __GPIO_PIN_CLR__     GPIO_PIN_RESET
      |                              ^~~~~~~~~~~~~~
../Core/Src/ili9341.c:208:7: note: in expansion of macro '__GPIO_PIN_CLR__'
  208 |   if (__GPIO_PIN_CLR__ == HAL_GPIO_ReadPin(lcd->touch_irq_port, lcd->touch_irq_pin))
      |       ^~~~~~~~~~~~~~~~
../Core/Inc/ili9341.h:31:30: note: each undeclared identifier is reported only once for each function it appears in
   31 | #define __GPIO_PIN_CLR__     GPIO_PIN_RESET
      |                              ^~~~~~~~~~~~~~
../Core/Src/ili9341.c:208:7: note: in expansion of macro '__GPIO_PIN_CLR__'
  208 |   if (__GPIO_PIN_CLR__ == HAL_GPIO_ReadPin(lcd->touch_irq_port, lcd->touch_irq_pin))
      |       ^~~~~~~~~~~~~~~~
../Core/Src/ili9341.c:208:27: warning: implicit declaration of function 'HAL_GPIO_ReadPin' [-Wimplicit-function-declaration]
  208 |   if (__GPIO_PIN_CLR__ == HAL_GPIO_ReadPin(lcd->touch_irq_port, lcd->touch_irq_pin))
      |                           ^~~~~~~~~~~~~~~~
../Core/Src/ili9341.c: At top level:
../Core/Src/ili9341.c:214:54: error: unknown type name 'ili9341_touch_callback_t'; did you mean 'ili9341_touch_calibration_t'?
  214 | void ili9341_set_touch_pressed_begin(ili9341_t *lcd, ili9341_touch_callback_t callback)
      |                                                      ^~~~~~~~~~~~~~~~~~~~~~~~
      |                                                      ili9341_touch_calibration_t
../Core/Src/ili9341.c:221:52: error: unknown type name 'ili9341_touch_callback_t'; did you mean 'ili9341_touch_calibration_t'?
  221 | void ili9341_set_touch_pressed_end(ili9341_t *lcd, ili9341_touch_callback_t callback)
      |                                                    ^~~~~~~~~~~~~~~~~~~~~~~~
      |                                                    ili9341_touch_calibration_t
../Core/Src/ili9341.c:228:25: error: conflicting types for 'ili9341_touch_coordinate'; have 'ili9341_touch_pressed_t(ili9341_t *, uint16_t *, uint16_t *)' {aka 'ili9341_touch_pressed_t(struct ili9341 *, short unsigned int *, short unsigned int *)'}
  228 | ili9341_touch_pressed_t ili9341_touch_coordinate(ili9341_t *lcd,
      |                         ^~~~~~~~~~~~~~~~~~~~~~~~
../Core/Src/ili9341.c:159:7: note: previous implicit declaration of 'ili9341_touch_coordinate' with type 'int()'
  159 |       ili9341_touch_coordinate(lcd, &x_pos, &y_pos);
      |       ^~~~~~~~~~~~~~~~~~~~~~~~
../Core/Src/ili9341.c: In function 'ili9341_touch_coordinate':
../Core/Src/ili9341.c:258:3: warning: implicit declaration of function 'MODIFY_REG' [-Wimplicit-function-declaration]
  258 |   MODIFY_REG(lcd->spi_hal->Instance->CR1, SPI_CR1_BR, SPI_BAUDRATEPRESCALER_128);
      |   ^~~~~~~~~~
../Core/Src/ili9341.c:258:26: error: request for member 'Instance' in something not a structure or union
  258 |   MODIFY_REG(lcd->spi_hal->Instance->CR1, SPI_CR1_BR, SPI_BAUDRATEPRESCALER_128);
      |                          ^~
../Core/Src/ili9341.c:258:43: error: 'SPI_CR1_BR' undeclared (first use in this function)
  258 |   MODIFY_REG(lcd->spi_hal->Instance->CR1, SPI_CR1_BR, SPI_BAUDRATEPRESCALER_128);
      |                                           ^~~~~~~~~~
../Core/Src/ili9341.c:258:55: error: 'SPI_BAUDRATEPRESCALER_128' undeclared (first use in this function)
  258 |   MODIFY_REG(lcd->spi_hal->Instance->CR1, SPI_CR1_BR, SPI_BAUDRATEPRESCALER_128);
      |                                                       ^~~~~~~~~~~~~~~~~~~~~~~~~
../Core/Src/ili9341.c:267:5: warning: implicit declaration of function 'HAL_SPI_Transmit' [-Wimplicit-function-declaration]
  267 |     HAL_SPI_Transmit(lcd->spi_hal, (uint8_t*)x_cmd, sizeof(x_cmd), __SPI_MAX_DELAY__);
      |     ^~~~~~~~~~~~~~~~
../Core/Inc/ili9341.h:34:30: error: 'HAL_MAX_DELAY' undeclared (first use in this function)
   34 | #define __SPI_MAX_DELAY__    HAL_MAX_DELAY
      |                              ^~~~~~~~~~~~~
../Core/Src/ili9341.c:267:68: note: in expansion of macro '__SPI_MAX_DELAY__'
  267 |     HAL_SPI_Transmit(lcd->spi_hal, (uint8_t*)x_cmd, sizeof(x_cmd), __SPI_MAX_DELAY__);
      |                                                                    ^~~~~~~~~~~~~~~~~
../Core/Src/ili9341.c:268:5: warning: implicit declaration of function 'HAL_SPI_TransmitReceive' [-Wimplicit-function-declaration]
  268 |     HAL_SPI_TransmitReceive(lcd->spi_hal, (uint8_t*)x_cmd, x_raw, sizeof(x_raw), __SPI_MAX_DELAY__);
      |     ^~~~~~~~~~~~~~~~~~~~~~~
../Core/Src/ili9341.c:284:26: error: request for member 'Instance' in something not a structure or union
  284 |   MODIFY_REG(lcd->spi_hal->Instance->CR1, SPI_CR1_BR, SPI_BAUDRATEPRESCALER_8);
      |                          ^~
../Core/Src/ili9341.c:284:55: error: 'SPI_BAUDRATEPRESCALER_8' undeclared (first use in this function)
  284 |   MODIFY_REG(lcd->spi_hal->Instance->CR1, SPI_CR1_BR, SPI_BAUDRATEPRESCALER_8);
      |                                                       ^~~~~~~~~~~~~~~~~~~~~~~
In file included from ../Core/Inc/ili9341_gfx.h:19,
                 from ../Core/Src/ili9341_gfx.c:10:
../Core/Inc/ili9341.h:169:9: error: unknown type name 'HAL_StatusTypeDef'
  169 | typedef HAL_StatusTypeDef ili9341_status_t;
      |         ^~~~~~~~~~~~~~~~~
../Core/Inc/ili9341.h:173:3: error: unknown type name 'SPI_HandleTypeDef'
  173 |   SPI_HandleTypeDef *spi_hal;
      |   ^~~~~~~~~~~~~~~~~
../Core/Inc/ili9341.h:175:3: error: unknown type name 'GPIO_TypeDef'
  175 |   GPIO_TypeDef *reset_port;
      |   ^~~~~~~~~~~~
../Core/Inc/ili9341.h:177:3: error: unknown type name 'GPIO_TypeDef'
  177 |   GPIO_TypeDef *tft_select_port;
      |   ^~~~~~~~~~~~
../Core/Inc/ili9341.h:179:3: error: unknown type name 'GPIO_TypeDef'
  179 |   GPIO_TypeDef *data_command_port;
      |   ^~~~~~~~~~~~
../Core/Inc/ili9341.h:185:3: error: unknown type name 'GPIO_TypeDef'
  185 |   GPIO_TypeDef *touch_select_port;
      |   ^~~~~~~~~~~~
../Core/Inc/ili9341.h:187:3: error: unknown type name 'GPIO_TypeDef'
  187 |   GPIO_TypeDef *touch_irq_port;
      |   ^~~~~~~~~~~~
../Core/Src/ili9341.c: In function 'ili9341_spi_tft_select':
../Core/Src/ili9341.c:386:3: warning: implicit declaration of function 'HAL_GPIO_WritePin' [-Wimplicit-function-declaration]
  386 |   HAL_GPIO_WritePin(lcd->tft_select_port, lcd->tft_select_pin, __GPIO_PIN_CLR__);
      |   ^~~~~~~~~~~~~~~~~
../Core/Inc/ili9341.h:210:5: error: unknown type name 'SPI_HandleTypeDef'
  210 |     SPI_HandleTypeDef *spi_hal,
      |     ^~~~~~~~~~~~~~~~~
../Core/Inc/ili9341.h:212:5: error: unknown type name 'GPIO_TypeDef'
  212 |     GPIO_TypeDef *reset_port,        uint16_t reset_pin,
      |     ^~~~~~~~~~~~
../Core/Inc/ili9341.h:31:30: error: 'GPIO_PIN_RESET' undeclared (first use in this function)
   31 | #define __GPIO_PIN_CLR__     GPIO_PIN_RESET
      |                              ^~~~~~~~~~~~~~
../Core/Src/ili9341.c:386:64: note: in expansion of macro '__GPIO_PIN_CLR__'
  386 |   HAL_GPIO_WritePin(lcd->tft_select_port, lcd->tft_select_pin, __GPIO_PIN_CLR__);
      |                                                                ^~~~~~~~~~~~~~~~
../Core/Inc/ili9341.h:213:5: error: unknown type name 'GPIO_TypeDef'
  213 |     GPIO_TypeDef *tft_select_port,   uint16_t tft_select_pin,
      |     ^~~~~~~~~~~~
../Core/Inc/ili9341.h:214:5: error: unknown type name 'GPIO_TypeDef'
  214 |     GPIO_TypeDef *data_command_port, uint16_t data_command_pin,
      |     ^~~~~~~~~~~~
../Core/Src/ili9341.c: In function 'ili9341_spi_tft_release':
../Core/Inc/ili9341.h:218:5: error: unknown type name 'GPIO_TypeDef'
  218 |     GPIO_TypeDef *touch_select_port, uint16_t touch_select_pin,
      |     ^~~~~~~~~~~~
../Core/Inc/ili9341.h:32:30: error: 'GPIO_PIN_SET' undeclared (first use in this function)
   32 | #define __GPIO_PIN_SET__     GPIO_PIN_SET
      |                              ^~~~~~~~~~~~
../Core/Src/ili9341.c:392:64: note: in expansion of macro '__GPIO_PIN_SET__'
  392 |   HAL_GPIO_WritePin(lcd->tft_select_port, lcd->tft_select_pin, __GPIO_PIN_SET__);
      |                                                                ^~~~~~~~~~~~~~~~
../Core/Inc/ili9341.h:219:5: error: unknown type name 'GPIO_TypeDef'
  219 |     GPIO_TypeDef *touch_irq_port,    uint16_t touch_irq_pin,
      |     ^~~~~~~~~~~~
../Core/Src/ili9341.c: In function 'ili9341_spi_touch_select':
../Core/Inc/ili9341.h:31:30: error: 'GPIO_PIN_RESET' undeclared (first use in this function)
   31 | #define __GPIO_PIN_CLR__     GPIO_PIN_RESET
      |                              ^~~~~~~~~~~~~~
../Core/Src/ili9341.c:398:68: note: in expansion of macro '__GPIO_PIN_CLR__'
  398 |   HAL_GPIO_WritePin(lcd->touch_select_port, lcd->touch_select_pin, __GPIO_PIN_CLR__);
      |                                                                    ^~~~~~~~~~~~~~~~
../Core/Src/ili9341.c: In function 'ili9341_spi_touch_release':
../Core/Inc/ili9341.h:32:30: error: 'GPIO_PIN_SET' undeclared (first use in this function)
   32 | #define __GPIO_PIN_SET__     GPIO_PIN_SET
      |                              ^~~~~~~~~~~~
../Core/Src/ili9341.c:404:68: note: in expansion of macro '__GPIO_PIN_SET__'
  404 |   HAL_GPIO_WritePin(lcd->touch_select_port, lcd->touch_select_pin, __GPIO_PIN_SET__);
      |                                                                    ^~~~~~~~~~~~~~~~
../Core/Src/ili9341.c: In function 'ili9341_spi_write_command':
../Core/Inc/ili9341.h:31:30: error: 'GPIO_PIN_RESET' undeclared (first use in this function)
   31 | #define __GPIO_PIN_CLR__     GPIO_PIN_RESET
      |                              ^~~~~~~~~~~~~~
../Core/Src/ili9341.c:433:68: note: in expansion of macro '__GPIO_PIN_CLR__'
  433 |   HAL_GPIO_WritePin(lcd->data_command_port, lcd->data_command_pin, __GPIO_PIN_CLR__);
      |                                                                    ^~~~~~~~~~~~~~~~
../Core/Inc/ili9341.h:34:30: error: 'HAL_MAX_DELAY' undeclared (first use in this function)
   34 | #define __SPI_MAX_DELAY__    HAL_MAX_DELAY
      |                              ^~~~~~~~~~~~~
../Core/Src/ili9341.c:434:61: note: in expansion of macro '__SPI_MAX_DELAY__'
  434 |   HAL_SPI_Transmit(lcd->spi_hal, &command, sizeof(command), __SPI_MAX_DELAY__);
      |                                                             ^~~~~~~~~~~~~~~~~
../Core/Src/ili9341.c: In function 'ili9341_spi_write_data':
../Core/Inc/ili9341.h:32:30: error: 'GPIO_PIN_SET' undeclared (first use in this function)
   32 | #define __GPIO_PIN_SET__     GPIO_PIN_SET
      |                              ^~~~~~~~~~~~
../Core/Src/ili9341.c:444:68: note: in expansion of macro '__GPIO_PIN_SET__'
  444 |   HAL_GPIO_WritePin(lcd->data_command_port, lcd->data_command_pin, __GPIO_PIN_SET__);
      |                                                                    ^~~~~~~~~~~~~~~~
../Core/Inc/ili9341.h:34:30: error: 'HAL_MAX_DELAY' undeclared (first use in this function)
   34 | #define __SPI_MAX_DELAY__    HAL_MAX_DELAY
      |                              ^~~~~~~~~~~~~
../Core/Src/ili9341.c:445:49: note: in expansion of macro '__SPI_MAX_DELAY__'
  445 |   HAL_SPI_Transmit(lcd->spi_hal, data, data_sz, __SPI_MAX_DELAY__);
      |                                                 ^~~~~~~~~~~~~~~~~
../Core/Src/ili9341.c: In function 'ili9341_spi_write_data_read':
../Core/Inc/ili9341.h:32:30: error: 'GPIO_PIN_SET' undeclared (first use in this function)
   32 | #define __GPIO_PIN_SET__     GPIO_PIN_SET
      |                              ^~~~~~~~~~~~
../Core/Src/ili9341.c:456:68: note: in expansion of macro '__GPIO_PIN_SET__'
  456 |   HAL_GPIO_WritePin(lcd->data_command_port, lcd->data_command_pin, __GPIO_PIN_SET__);
      |                                                                    ^~~~~~~~~~~~~~~~
../Core/Inc/ili9341.h:34:30: error: 'HAL_MAX_DELAY' undeclared (first use in this function)
   34 | #define __SPI_MAX_DELAY__    HAL_MAX_DELAY
      |                              ^~~~~~~~~~~~~
../Core/Src/ili9341.c:457:68: note: in expansion of macro '__SPI_MAX_DELAY__'
  457 |   HAL_SPI_TransmitReceive(lcd->spi_hal, tx_data, rx_data, data_sz, __SPI_MAX_DELAY__);
      |                                                                    ^~~~~~~~~~~~~~~~~
../Core/Src/ili9341.c: In function 'ili9341_reset':
../Core/Inc/ili9341.h:31:30: error: 'GPIO_PIN_RESET' undeclared (first use in this function)
   31 | #define __GPIO_PIN_CLR__     GPIO_PIN_RESET
      |                              ^~~~~~~~~~~~~~
../Core/Src/ili9341.c:479:54: note: in expansion of macro '__GPIO_PIN_CLR__'
  479 |   HAL_GPIO_WritePin(lcd->reset_port, lcd->reset_pin, __GPIO_PIN_CLR__);
      |                                                      ^~~~~~~~~~~~~~~~
../Core/Src/ili9341.c:480:3: warning: implicit declaration of function 'HAL_Delay' [-Wimplicit-function-declaration]
  480 |   HAL_Delay(200);
      |   ^~~~~~~~~
../Core/Inc/ili9341.h:32:30: error: 'GPIO_PIN_SET' undeclared (first use in this function)
   32 | #define __GPIO_PIN_SET__     GPIO_PIN_SET
      |                              ^~~~~~~~~~~~
../Core/Src/ili9341.c:481:54: note: in expansion of macro '__GPIO_PIN_SET__'
  481 |   HAL_GPIO_WritePin(lcd->reset_port, lcd->reset_pin, __GPIO_PIN_SET__);
      |                                                      ^~~~~~~~~~~~~~~~
../Core/Src/ili9341.c: In function 'ili9341_touch_pressed':
../Core/Src/ili9341.c:212:1: warning: control reaches end of non-void function [-Wreturn-type]
  212 | }
      | ^
../Core/Src/ili9341.c: At top level:
../Core/Src/ili9341.c:587:32: warning: 'ili9341_screen_size' defined but not used [-Wunused-function]
  587 | static ili9341_two_dimension_t ili9341_screen_size(
      |                                ^~~~~~~~~~~~~~~~~~~
../Core/Src/ili9341.c:488:13: warning: 'ili9341_initialize' defined but not used [-Wunused-function]
  488 | static void ili9341_initialize(ili9341_t *lcd)
      |             ^~~~~~~~~~~~~~~~~~
make: *** [Core/Src/subdir.mk:43: Core/Src/ili9341.o] Error 1
make: *** Waiting for unfinished jobs....
../Core/Src/ili9341_gfx.c: In function 'ili9341_transmit_wait':
../Core/Src/ili9341_gfx.c:120:10: error: 'HAL_DMA_STATE_BUSY' undeclared (first use in this function)
  120 |   while (HAL_DMA_STATE_BUSY == HAL_DMA_GetState(lcd->spi_hal->hdmatx))
      |          ^~~~~~~~~~~~~~~~~~
../Core/Src/ili9341_gfx.c:120:10: note: each undeclared identifier is reported only once for each function it appears in
../Core/Src/ili9341_gfx.c:120:32: warning: implicit declaration of function 'HAL_DMA_GetState' [-Wimplicit-function-declaration]
  120 |   while (HAL_DMA_STATE_BUSY == HAL_DMA_GetState(lcd->spi_hal->hdmatx))
      |                                ^~~~~~~~~~~~~~~~
../Core/Src/ili9341_gfx.c:120:61: error: request for member 'hdmatx' in something not a structure or union
  120 |   while (HAL_DMA_STATE_BUSY == HAL_DMA_GetState(lcd->spi_hal->hdmatx))
      |                                                             ^~
../Core/Src/ili9341_gfx.c: In function 'ili9341_transmit_color':
../Core/Src/ili9341_gfx.c:130:3: warning: implicit declaration of function 'HAL_SPI_Transmit_DMA' [-Wimplicit-function-declaration]
  130 |   HAL_SPI_Transmit_DMA(lcd->spi_hal, (uint8_t *)color, size);
      |   ^~~~~~~~~~~~~~~~~~~~
../Core/Src/ili9341_gfx.c: In function 'ili9341_draw_pixel':
../Core/Src/ili9341_gfx.c:149:3: warning: implicit declaration of function 'HAL_GPIO_WritePin' [-Wimplicit-function-declaration]
  149 |   HAL_GPIO_WritePin(lcd->data_command_port, lcd->data_command_pin, __GPIO_PIN_SET__);
      |   ^~~~~~~~~~~~~~~~~
../Core/Inc/ili9341.h:32:30: error: 'GPIO_PIN_SET' undeclared (first use in this function)
   32 | #define __GPIO_PIN_SET__     GPIO_PIN_SET
      |                              ^~~~~~~~~~~~
../Core/Src/ili9341_gfx.c:149:68: note: in expansion of macro '__GPIO_PIN_SET__'
  149 |   HAL_GPIO_WritePin(lcd->data_command_port, lcd->data_command_pin, __GPIO_PIN_SET__);
      |                                                                    ^~~~~~~~~~~~~~~~
../Core/Src/ili9341_gfx.c:150:3: warning: implicit declaration of function 'HAL_SPI_Transmit' [-Wimplicit-function-declaration]
  150 |   HAL_SPI_Transmit(lcd->spi_hal, (uint8_t *)&color_le, 2U, __SPI_MAX_DELAY__);
      |   ^~~~~~~~~~~~~~~~
../Core/Inc/ili9341.h:34:30: error: 'HAL_MAX_DELAY' undeclared (first use in this function)
   34 | #define __SPI_MAX_DELAY__    HAL_MAX_DELAY
      |                              ^~~~~~~~~~~~~
../Core/Src/ili9341_gfx.c:150:60: note: in expansion of macro '__SPI_MAX_DELAY__'
  150 |   HAL_SPI_Transmit(lcd->spi_hal, (uint8_t *)&color_le, 2U, __SPI_MAX_DELAY__);
      |                                                            ^~~~~~~~~~~~~~~~~
../Core/Src/ili9341_gfx.c: In function 'ili9341_fill_rect':
../Core/Inc/ili9341.h:32:30: error: 'GPIO_PIN_SET' undeclared (first use in this function)
   32 | #define __GPIO_PIN_SET__     GPIO_PIN_SET
      |                              ^~~~~~~~~~~~
../Core/Src/ili9341_gfx.c:257:68: note: in expansion of macro '__GPIO_PIN_SET__'
  257 |   HAL_GPIO_WritePin(lcd->data_command_port, lcd->data_command_pin, __GPIO_PIN_SET__);
      |                                                                    ^~~~~~~~~~~~~~~~
../Core/Src/ili9341_gfx.c: In function 'ili9341_draw_bitmap_1b':
../Core/Inc/ili9341.h:32:30: error: 'GPIO_PIN_SET' undeclared (first use in this function)
   32 | #define __GPIO_PIN_SET__     GPIO_PIN_SET
      |                              ^~~~~~~~~~~~
../Core/Src/ili9341_gfx.c:346:68: note: in expansion of macro '__GPIO_PIN_SET__'
  346 |   HAL_GPIO_WritePin(lcd->data_command_port, lcd->data_command_pin, __GPIO_PIN_SET__);
      |                                                                    ^~~~~~~~~~~~~~~~
../Core/Src/ili9341_gfx.c: In function 'ili9341_draw_char':
../Core/Inc/ili9341.h:32:30: error: 'GPIO_PIN_SET' undeclared (first use in this function)
   32 | #define __GPIO_PIN_SET__     GPIO_PIN_SET
      |                              ^~~~~~~~~~~~
../Core/Src/ili9341_gfx.c:409:68: note: in expansion of macro '__GPIO_PIN_SET__'
  409 |   HAL_GPIO_WritePin(lcd->data_command_port, lcd->data_command_pin, __GPIO_PIN_SET__);
      |                                                                    ^~~~~~~~~~~~~~~~
../Core/Src/main.c:4:1: error: unknown type name 'SPI_HandleTypeDef'; did you mean 'DMA_HandleTypeDef'?
    4 | SPI_HandleTypeDef hspi1;
      | ^~~~~~~~~~~~~~~~~
      | DMA_HandleTypeDef
make: *** [Core/Src/subdir.mk:43: Core/Src/ili9341_gfx.o] Error 1
../Core/Src/main.c: In function 'TFT_WriteCommand':
../Core/Src/main.c:58:3: warning: implicit declaration of function 'HAL_SPI_Transmit' [-Wimplicit-function-declaration]
   58 |   HAL_SPI_Transmit(&hspi1,&cmd,1,100);
      |   ^~~~~~~~~~~~~~~~
../Core/Src/main.c: In function 'MX_SPI1_Init':
../Core/Src/main.c:110:8: error: request for member 'Instance' in something not a structure or union
  110 |   hspi1.Instance=SPI1;
      |        ^
../Core/Src/main.c:111:8: error: request for member 'Init' in something not a structure or union
  111 |   hspi1.Init.Mode=SPI_MODE_MASTER;
      |        ^
../Core/Src/main.c:111:19: error: 'SPI_MODE_MASTER' undeclared (first use in this function)
  111 |   hspi1.Init.Mode=SPI_MODE_MASTER;
      |                   ^~~~~~~~~~~~~~~
../Core/Src/main.c:111:19: note: each undeclared identifier is reported only once for each function it appears in
../Core/Src/main.c:112:8: error: request for member 'Init' in something not a structure or union
  112 |   hspi1.Init.Direction=SPI_DIRECTION_2LINES;
      |        ^
../Core/Src/main.c:112:24: error: 'SPI_DIRECTION_2LINES' undeclared (first use in this function)
  112 |   hspi1.Init.Direction=SPI_DIRECTION_2LINES;
      |                        ^~~~~~~~~~~~~~~~~~~~
../Core/Src/main.c:113:8: error: request for member 'Init' in something not a structure or union
  113 |   hspi1.Init.DataSize=SPI_DATASIZE_8BIT;
      |        ^
../Core/Src/main.c:113:23: error: 'SPI_DATASIZE_8BIT' undeclared (first use in this function)
  113 |   hspi1.Init.DataSize=SPI_DATASIZE_8BIT;
      |                       ^~~~~~~~~~~~~~~~~
../Core/Src/main.c:114:8: error: request for member 'Init' in something not a structure or union
  114 |   hspi1.Init.CLKPolarity=SPI_POLARITY_LOW;
      |        ^
../Core/Src/main.c:114:26: error: 'SPI_POLARITY_LOW' undeclared (first use in this function)
  114 |   hspi1.Init.CLKPolarity=SPI_POLARITY_LOW;
      |                          ^~~~~~~~~~~~~~~~
../Core/Src/main.c:115:8: error: request for member 'Init' in something not a structure or union
  115 |   hspi1.Init.CLKPhase=SPI_PHASE_1EDGE;
      |        ^
../Core/Src/main.c:115:23: error: 'SPI_PHASE_1EDGE' undeclared (first use in this function)
  115 |   hspi1.Init.CLKPhase=SPI_PHASE_1EDGE;
      |                       ^~~~~~~~~~~~~~~
../Core/Src/main.c:116:8: error: request for member 'Init' in something not a structure or union
  116 |   hspi1.Init.NSS=SPI_NSS_SOFT;
      |        ^
../Core/Src/main.c:116:18: error: 'SPI_NSS_SOFT' undeclared (first use in this function)
  116 |   hspi1.Init.NSS=SPI_NSS_SOFT;
      |                  ^~~~~~~~~~~~
../Core/Src/main.c:117:8: error: request for member 'Init' in something not a structure or union
  117 |   hspi1.Init.BaudRatePrescaler=SPI_BAUDRATEPRESCALER_8;
      |        ^
../Core/Src/main.c:117:32: error: 'SPI_BAUDRATEPRESCALER_8' undeclared (first use in this function)
  117 |   hspi1.Init.BaudRatePrescaler=SPI_BAUDRATEPRESCALER_8;
      |                                ^~~~~~~~~~~~~~~~~~~~~~~
../Core/Src/main.c:118:8: error: request for member 'Init' in something not a structure or union
  118 |   hspi1.Init.FirstBit=SPI_FIRSTBIT_MSB;
      |        ^
../Core/Src/main.c:118:23: error: 'SPI_FIRSTBIT_MSB' undeclared (first use in this function)
  118 |   hspi1.Init.FirstBit=SPI_FIRSTBIT_MSB;
      |                       ^~~~~~~~~~~~~~~~
../Core/Src/main.c:119:8: error: request for member 'Init' in something not a structure or union
  119 |   hspi1.Init.TIMode=SPI_TIMODE_DISABLE;
      |        ^
../Core/Src/main.c:119:21: error: 'SPI_TIMODE_DISABLE' undeclared (first use in this function); did you mean 'SPI_TIMODE_DISABLED'?
  119 |   hspi1.Init.TIMode=SPI_TIMODE_DISABLE;
      |                     ^~~~~~~~~~~~~~~~~~
      |                     SPI_TIMODE_DISABLED
../Core/Src/main.c:120:8: error: request for member 'Init' in something not a structure or union
  120 |   hspi1.Init.CRCCalculation=SPI_CRCCALCULATION_DISABLE;
      |        ^
../Core/Src/main.c:120:29: error: 'SPI_CRCCALCULATION_DISABLE' undeclared (first use in this function); did you mean 'SPI_CRCCALCULATION_DISABLED'?
  120 |   hspi1.Init.CRCCalculation=SPI_CRCCALCULATION_DISABLE;
      |                             ^~~~~~~~~~~~~~~~~~~~~~~~~~
      |                             SPI_CRCCALCULATION_DISABLED
../Core/Src/main.c:122:3: warning: implicit declaration of function 'HAL_SPI_Init'; did you mean 'HAL_GPIO_Init'? [-Wimplicit-function-declaration]
  122 |   HAL_SPI_Init(&hspi1);
      |   ^~~~~~~~~~~~
      |   HAL_GPIO_Init
make: *** [Core/Src/subdir.mk:43: Core/Src/main.o] Error 1
"make -j12 all" terminated with exit code 2. Build might be incomplete.

13:34:42 Build Failed. 140 errors, 18 warnings. (took 1s.870ms)

